2024-02-13 12:48:48,903 INFO tech.noetzold.healthcheckAPI.HealthcheckApiApplication [main] Starting HealthcheckApiApplication using Java 17.0.7 with PID 12276 (C:\Users\Usu√°rio\Documents\Projetos\GitHub\healthcheck_API\healthcheck-collector\target\classes started by Darlan in C:\Users\Usu√°rio\Documents\Projetos\GitHub\healthcheck_API\healthcheck-collector)
2024-02-13 12:48:48,909 INFO tech.noetzold.healthcheckAPI.HealthcheckApiApplication [main] No active profile set, falling back to 1 default profile: "default"
2024-02-13 12:48:49,601 INFO org.springframework.data.repository.config.RepositoryConfigurationDelegate [main] Bootstrapping Spring Data JPA repositories in DEFAULT mode.
2024-02-13 12:48:49,662 INFO org.springframework.data.repository.config.RepositoryConfigurationDelegate [main] Finished Spring Data repository scanning in 53 ms. Found 3 JPA repository interfaces.
2024-02-13 12:48:49,861 INFO org.springframework.cloud.context.scope.GenericScope [main] BeanFactory id=ea568fba-e237-36ba-9b03-d77cf0d76036
2024-02-13 12:48:50,284 INFO org.springframework.boot.web.embedded.tomcat.TomcatWebServer [main] Tomcat initialized with port 8194 (http)
2024-02-13 12:48:50,296 INFO org.apache.coyote.http11.Http11NioProtocol [main] Initializing ProtocolHandler ["http-nio-8194"]
2024-02-13 12:48:50,300 INFO org.apache.catalina.core.StandardService [main] Starting service [Tomcat]
2024-02-13 12:48:50,301 INFO org.apache.catalina.core.StandardEngine [main] Starting Servlet engine: [Apache Tomcat/10.1.17]
2024-02-13 12:48:50,377 INFO org.apache.catalina.core.ContainerBase.[Tomcat].[localhost].[/] [main] Initializing Spring embedded WebApplicationContext
2024-02-13 12:48:50,377 INFO org.springframework.boot.web.servlet.context.ServletWebServerApplicationContext [main] Root WebApplicationContext: initialization completed in 1414 ms
2024-02-13 12:48:50,577 INFO org.hibernate.jpa.internal.util.LogHelper [main] HHH000204: Processing PersistenceUnitInfo [name: default]
2024-02-13 12:48:50,648 INFO org.hibernate.Version [main] HHH000412: Hibernate ORM core version 6.4.1.Final
2024-02-13 12:48:50,689 INFO org.hibernate.cache.internal.RegionFactoryInitiator [main] HHH000026: Second-level cache disabled
2024-02-13 12:48:50,916 INFO org.springframework.orm.jpa.persistenceunit.SpringPersistenceUnitInfo [main] No LoadTimeWeaver setup: ignoring JPA class transformer
2024-02-13 12:48:50,945 INFO com.zaxxer.hikari.HikariDataSource [main] HikariPool-1 - Starting...
2024-02-13 12:48:51,097 INFO com.zaxxer.hikari.pool.HikariPool [main] HikariPool-1 - Added connection org.postgresql.jdbc.PgConnection@5f935d49
2024-02-13 12:48:51,099 INFO com.zaxxer.hikari.HikariDataSource [main] HikariPool-1 - Start completed.
2024-02-13 12:48:52,067 INFO org.hibernate.engine.transaction.jta.platform.internal.JtaPlatformInitiator [main] HHH000489: No JTA platform available (set 'hibernate.transaction.jta.platform' to enable JTA platform integration)
2024-02-13 12:48:52,313 INFO org.springframework.orm.jpa.LocalContainerEntityManagerFactoryBean [main] Initialized JPA EntityManagerFactory for persistence unit 'default'
2024-02-13 12:48:52,406 WARN org.springframework.boot.autoconfigure.orm.jpa.JpaBaseConfiguration$JpaWebConfiguration [main] spring.jpa.open-in-view is enabled by default. Therefore, database queries may be performed during view rendering. Explicitly configure spring.jpa.open-in-view to disable this warning
2024-02-13 12:48:52,556 INFO org.hibernate.engine.internal.StatisticalLoggingSessionEventListener [main] Session Metrics {
    0 nanoseconds spent acquiring 0 JDBC connections;
    0 nanoseconds spent releasing 0 JDBC connections;
    0 nanoseconds spent preparing 0 JDBC statements;
    0 nanoseconds spent executing 0 JDBC statements;
    0 nanoseconds spent executing 0 JDBC batches;
    0 nanoseconds spent performing 0 L2C puts;
    0 nanoseconds spent performing 0 L2C hits;
    0 nanoseconds spent performing 0 L2C misses;
    0 nanoseconds spent executing 0 flushes (flushing a total of 0 entities and 0 collections);
    0 nanoseconds spent executing 0 partial-flushes (flushing a total of 0 entities and 0 collections)
}
2024-02-13 12:48:52,556 INFO org.hibernate.engine.internal.StatisticalLoggingSessionEventListener [main] Session Metrics {
    0 nanoseconds spent acquiring 0 JDBC connections;
    0 nanoseconds spent releasing 0 JDBC connections;
    0 nanoseconds spent preparing 0 JDBC statements;
    0 nanoseconds spent executing 0 JDBC statements;
    0 nanoseconds spent executing 0 JDBC batches;
    0 nanoseconds spent performing 0 L2C puts;
    0 nanoseconds spent performing 0 L2C hits;
    0 nanoseconds spent performing 0 L2C misses;
    0 nanoseconds spent executing 0 flushes (flushing a total of 0 entities and 0 collections);
    0 nanoseconds spent executing 0 partial-flushes (flushing a total of 0 entities and 0 collections)
}
2024-02-13 12:48:52,611 INFO org.hibernate.engine.internal.StatisticalLoggingSessionEventListener [main] Session Metrics {
    0 nanoseconds spent acquiring 0 JDBC connections;
    0 nanoseconds spent releasing 0 JDBC connections;
    0 nanoseconds spent preparing 0 JDBC statements;
    0 nanoseconds spent executing 0 JDBC statements;
    0 nanoseconds spent executing 0 JDBC batches;
    0 nanoseconds spent performing 0 L2C puts;
    0 nanoseconds spent performing 0 L2C hits;
    0 nanoseconds spent performing 0 L2C misses;
    0 nanoseconds spent executing 0 flushes (flushing a total of 0 entities and 0 collections);
    0 nanoseconds spent executing 0 partial-flushes (flushing a total of 0 entities and 0 collections)
}
2024-02-13 12:48:52,656 INFO org.hibernate.engine.internal.StatisticalLoggingSessionEventListener [main] Session Metrics {
    0 nanoseconds spent acquiring 0 JDBC connections;
    0 nanoseconds spent releasing 0 JDBC connections;
    0 nanoseconds spent preparing 0 JDBC statements;
    0 nanoseconds spent executing 0 JDBC statements;
    0 nanoseconds spent executing 0 JDBC batches;
    0 nanoseconds spent performing 0 L2C puts;
    0 nanoseconds spent performing 0 L2C hits;
    0 nanoseconds spent performing 0 L2C misses;
    0 nanoseconds spent executing 0 flushes (flushing a total of 0 entities and 0 collections);
    0 nanoseconds spent executing 0 partial-flushes (flushing a total of 0 entities and 0 collections)
}
2024-02-13 12:48:52,656 INFO org.hibernate.engine.internal.StatisticalLoggingSessionEventListener [main] Session Metrics {
    0 nanoseconds spent acquiring 0 JDBC connections;
    0 nanoseconds spent releasing 0 JDBC connections;
    0 nanoseconds spent preparing 0 JDBC statements;
    0 nanoseconds spent executing 0 JDBC statements;
    0 nanoseconds spent executing 0 JDBC batches;
    0 nanoseconds spent performing 0 L2C puts;
    0 nanoseconds spent performing 0 L2C hits;
    0 nanoseconds spent performing 0 L2C misses;
    0 nanoseconds spent executing 0 flushes (flushing a total of 0 entities and 0 collections);
    0 nanoseconds spent executing 0 partial-flushes (flushing a total of 0 entities and 0 collections)
}
2024-02-13 12:48:52,668 INFO org.hibernate.engine.internal.StatisticalLoggingSessionEventListener [main] Session Metrics {
    0 nanoseconds spent acquiring 0 JDBC connections;
    0 nanoseconds spent releasing 0 JDBC connections;
    0 nanoseconds spent preparing 0 JDBC statements;
    0 nanoseconds spent executing 0 JDBC statements;
    0 nanoseconds spent executing 0 JDBC batches;
    0 nanoseconds spent performing 0 L2C puts;
    0 nanoseconds spent performing 0 L2C hits;
    0 nanoseconds spent performing 0 L2C misses;
    0 nanoseconds spent executing 0 flushes (flushing a total of 0 entities and 0 collections);
    0 nanoseconds spent executing 0 partial-flushes (flushing a total of 0 entities and 0 collections)
}
2024-02-13 12:48:52,669 INFO org.hibernate.engine.internal.StatisticalLoggingSessionEventListener [main] Session Metrics {
    0 nanoseconds spent acquiring 0 JDBC connections;
    0 nanoseconds spent releasing 0 JDBC connections;
    0 nanoseconds spent preparing 0 JDBC statements;
    0 nanoseconds spent executing 0 JDBC statements;
    0 nanoseconds spent executing 0 JDBC batches;
    0 nanoseconds spent performing 0 L2C puts;
    0 nanoseconds spent performing 0 L2C hits;
    0 nanoseconds spent performing 0 L2C misses;
    0 nanoseconds spent executing 0 flushes (flushing a total of 0 entities and 0 collections);
    0 nanoseconds spent executing 0 partial-flushes (flushing a total of 0 entities and 0 collections)
}
2024-02-13 12:48:54,138 INFO org.springframework.cloud.commons.util.InetUtils [main] Cannot determine local hostname
2024-02-13 12:48:54,163 INFO org.apache.coyote.http11.Http11NioProtocol [main] Starting ProtocolHandler ["http-nio-8194"]
2024-02-13 12:48:54,183 INFO org.springframework.boot.web.embedded.tomcat.TomcatWebServer [main] Tomcat started on port 8194 (http) with context path ''
2024-02-13 12:48:55,283 INFO org.springframework.cloud.commons.util.InetUtils [main] Cannot determine local hostname
2024-02-13 12:48:55,297 INFO tech.noetzold.healthcheckAPI.HealthcheckApiApplication [main] Started HealthcheckApiApplication in 7.82 seconds (process running for 8.423)
2024-02-13 12:48:55,832 INFO org.hibernate.engine.internal.StatisticalLoggingSessionEventListener [scheduling-1] Session Metrics {
    590500 nanoseconds spent acquiring 1 JDBC connections;
    0 nanoseconds spent releasing 0 JDBC connections;
    326700 nanoseconds spent preparing 4 JDBC statements;
    5869900 nanoseconds spent executing 4 JDBC statements;
    0 nanoseconds spent executing 0 JDBC batches;
    0 nanoseconds spent performing 0 L2C puts;
    0 nanoseconds spent performing 0 L2C hits;
    0 nanoseconds spent performing 0 L2C misses;
    11931500 nanoseconds spent executing 1 flushes (flushing a total of 3 entities and 3 collections);
    0 nanoseconds spent executing 0 partial-flushes (flushing a total of 0 entities and 0 collections)
}
2024-02-13 12:48:56,516 INFO org.hibernate.engine.internal.StatisticalLoggingSessionEventListener [scheduling-1] Session Metrics {
    13100 nanoseconds spent acquiring 1 JDBC connections;
    0 nanoseconds spent releasing 0 JDBC connections;
    155100 nanoseconds spent preparing 4 JDBC statements;
    4098900 nanoseconds spent executing 4 JDBC statements;
    0 nanoseconds spent executing 0 JDBC batches;
    0 nanoseconds spent performing 0 L2C puts;
    0 nanoseconds spent performing 0 L2C hits;
    0 nanoseconds spent performing 0 L2C misses;
    1140300 nanoseconds spent executing 1 flushes (flushing a total of 3 entities and 3 collections);
    0 nanoseconds spent executing 0 partial-flushes (flushing a total of 0 entities and 0 collections)
}
2024-02-13 12:48:57,037 INFO org.hibernate.engine.internal.StatisticalLoggingSessionEventListener [scheduling-1] Session Metrics {
    8400 nanoseconds spent acquiring 1 JDBC connections;
    0 nanoseconds spent releasing 0 JDBC connections;
    513300 nanoseconds spent preparing 28 JDBC statements;
    34844500 nanoseconds spent executing 28 JDBC statements;
    0 nanoseconds spent executing 0 JDBC batches;
    0 nanoseconds spent performing 0 L2C puts;
    0 nanoseconds spent performing 0 L2C hits;
    0 nanoseconds spent performing 0 L2C misses;
    30198200 nanoseconds spent executing 1 flushes (flushing a total of 6 entities and 6 collections);
    0 nanoseconds spent executing 0 partial-flushes (flushing a total of 0 entities and 0 collections)
}
2024-02-13 12:48:57,552 INFO org.hibernate.engine.internal.StatisticalLoggingSessionEventListener [scheduling-1] Session Metrics {
    8500 nanoseconds spent acquiring 1 JDBC connections;
    0 nanoseconds spent releasing 0 JDBC connections;
    375100 nanoseconds spent preparing 24 JDBC statements;
    24043200 nanoseconds spent executing 24 JDBC statements;
    0 nanoseconds spent executing 0 JDBC batches;
    0 nanoseconds spent performing 0 L2C puts;
    0 nanoseconds spent performing 0 L2C hits;
    0 nanoseconds spent performing 0 L2C misses;
    14070400 nanoseconds spent executing 1 flushes (flushing a total of 5 entities and 5 collections);
    0 nanoseconds spent executing 0 partial-flushes (flushing a total of 0 entities and 0 collections)
}
2024-02-13 12:48:58,071 INFO org.hibernate.engine.internal.StatisticalLoggingSessionEventListener [scheduling-1] Session Metrics {
    10200 nanoseconds spent acquiring 1 JDBC connections;
    0 nanoseconds spent releasing 0 JDBC connections;
    383700 nanoseconds spent preparing 24 JDBC statements;
    14757000 nanoseconds spent executing 24 JDBC statements;
    0 nanoseconds spent executing 0 JDBC batches;
    0 nanoseconds spent performing 0 L2C puts;
    0 nanoseconds spent performing 0 L2C hits;
    0 nanoseconds spent performing 0 L2C misses;
    11495300 nanoseconds spent executing 1 flushes (flushing a total of 5 entities and 5 collections);
    0 nanoseconds spent executing 0 partial-flushes (flushing a total of 0 entities and 0 collections)
}
2024-02-13 12:48:58,590 INFO org.hibernate.engine.internal.StatisticalLoggingSessionEventListener [scheduling-1] Session Metrics {
    25800 nanoseconds spent acquiring 1 JDBC connections;
    0 nanoseconds spent releasing 0 JDBC connections;
    388500 nanoseconds spent preparing 24 JDBC statements;
    21522700 nanoseconds spent executing 24 JDBC statements;
    0 nanoseconds spent executing 0 JDBC batches;
    0 nanoseconds spent performing 0 L2C puts;
    0 nanoseconds spent performing 0 L2C hits;
    0 nanoseconds spent performing 0 L2C misses;
    15950200 nanoseconds spent executing 1 flushes (flushing a total of 5 entities and 5 collections);
    0 nanoseconds spent executing 0 partial-flushes (flushing a total of 0 entities and 0 collections)
}
2024-02-13 12:48:59,059 INFO org.hibernate.engine.internal.StatisticalLoggingSessionEventListener [scheduling-1] Session Metrics {
    7600 nanoseconds spent acquiring 1 JDBC connections;
    0 nanoseconds spent releasing 0 JDBC connections;
    86800 nanoseconds spent preparing 4 JDBC statements;
    3227500 nanoseconds spent executing 4 JDBC statements;
    0 nanoseconds spent executing 0 JDBC batches;
    0 nanoseconds spent performing 0 L2C puts;
    0 nanoseconds spent performing 0 L2C hits;
    0 nanoseconds spent performing 0 L2C misses;
    945700 nanoseconds spent executing 1 flushes (flushing a total of 3 entities and 3 collections);
    0 nanoseconds spent executing 0 partial-flushes (flushing a total of 0 entities and 0 collections)
}
2024-02-13 12:48:59,558 INFO org.hibernate.engine.internal.StatisticalLoggingSessionEventListener [scheduling-1] Session Metrics {
    13700 nanoseconds spent acquiring 1 JDBC connections;
    0 nanoseconds spent releasing 0 JDBC connections;
    96200 nanoseconds spent preparing 4 JDBC statements;
    6560100 nanoseconds spent executing 4 JDBC statements;
    0 nanoseconds spent executing 0 JDBC batches;
    0 nanoseconds spent performing 0 L2C puts;
    0 nanoseconds spent performing 0 L2C hits;
    0 nanoseconds spent performing 0 L2C misses;
    4455400 nanoseconds spent executing 1 flushes (flushing a total of 3 entities and 3 collections);
    0 nanoseconds spent executing 0 partial-flushes (flushing a total of 0 entities and 0 collections)
}
2024-02-13 12:49:00,179 INFO org.hibernate.engine.internal.StatisticalLoggingSessionEventListener [scheduling-1] Session Metrics {
    10400 nanoseconds spent acquiring 1 JDBC connections;
    0 nanoseconds spent releasing 0 JDBC connections;
    87800 nanoseconds spent preparing 4 JDBC statements;
    2686400 nanoseconds spent executing 4 JDBC statements;
    0 nanoseconds spent executing 0 JDBC batches;
    0 nanoseconds spent performing 0 L2C puts;
    0 nanoseconds spent performing 0 L2C hits;
    0 nanoseconds spent performing 0 L2C misses;
    1089000 nanoseconds spent executing 1 flushes (flushing a total of 3 entities and 3 collections);
    0 nanoseconds spent executing 0 partial-flushes (flushing a total of 0 entities and 0 collections)
}
2024-02-13 12:49:00,713 INFO org.hibernate.engine.internal.StatisticalLoggingSessionEventListener [scheduling-1] Session Metrics {
    9200 nanoseconds spent acquiring 1 JDBC connections;
    0 nanoseconds spent releasing 0 JDBC connections;
    90900 nanoseconds spent preparing 4 JDBC statements;
    3733200 nanoseconds spent executing 4 JDBC statements;
    0 nanoseconds spent executing 0 JDBC batches;
    0 nanoseconds spent performing 0 L2C puts;
    0 nanoseconds spent performing 0 L2C hits;
    0 nanoseconds spent performing 0 L2C misses;
    869500 nanoseconds spent executing 1 flushes (flushing a total of 3 entities and 3 collections);
    0 nanoseconds spent executing 0 partial-flushes (flushing a total of 0 entities and 0 collections)
}
2024-02-13 12:49:01,197 INFO org.hibernate.engine.internal.StatisticalLoggingSessionEventListener [scheduling-1] Session Metrics {
    11800 nanoseconds spent acquiring 1 JDBC connections;
    0 nanoseconds spent releasing 0 JDBC connections;
    99200 nanoseconds spent preparing 4 JDBC statements;
    2043500 nanoseconds spent executing 4 JDBC statements;
    0 nanoseconds spent executing 0 JDBC batches;
    0 nanoseconds spent performing 0 L2C puts;
    0 nanoseconds spent performing 0 L2C hits;
    0 nanoseconds spent performing 0 L2C misses;
    947900 nanoseconds spent executing 1 flushes (flushing a total of 3 entities and 3 collections);
    0 nanoseconds spent executing 0 partial-flushes (flushing a total of 0 entities and 0 collections)
}
2024-02-13 12:49:01,673 INFO org.hibernate.engine.internal.StatisticalLoggingSessionEventListener [scheduling-1] Session Metrics {
    8600 nanoseconds spent acquiring 1 JDBC connections;
    0 nanoseconds spent releasing 0 JDBC connections;
    91200 nanoseconds spent preparing 4 JDBC statements;
    2421600 nanoseconds spent executing 4 JDBC statements;
    0 nanoseconds spent executing 0 JDBC batches;
    0 nanoseconds spent performing 0 L2C puts;
    0 nanoseconds spent performing 0 L2C hits;
    0 nanoseconds spent performing 0 L2C misses;
    857200 nanoseconds spent executing 1 flushes (flushing a total of 3 entities and 3 collections);
    0 nanoseconds spent executing 0 partial-flushes (flushing a total of 0 entities and 0 collections)
}
2024-02-13 12:49:02,180 INFO org.hibernate.engine.internal.StatisticalLoggingSessionEventListener [scheduling-1] Session Metrics {
    8400 nanoseconds spent acquiring 1 JDBC connections;
    0 nanoseconds spent releasing 0 JDBC connections;
    102400 nanoseconds spent preparing 4 JDBC statements;
    2402600 nanoseconds spent executing 4 JDBC statements;
    0 nanoseconds spent executing 0 JDBC batches;
    0 nanoseconds spent performing 0 L2C puts;
    0 nanoseconds spent performing 0 L2C hits;
    0 nanoseconds spent performing 0 L2C misses;
    968300 nanoseconds spent executing 1 flushes (flushing a total of 3 entities and 3 collections);
    0 nanoseconds spent executing 0 partial-flushes (flushing a total of 0 entities and 0 collections)
}
2024-02-13 12:49:02,695 INFO org.hibernate.engine.internal.StatisticalLoggingSessionEventListener [scheduling-1] Session Metrics {
    12700 nanoseconds spent acquiring 1 JDBC connections;
    0 nanoseconds spent releasing 0 JDBC connections;
    98100 nanoseconds spent preparing 4 JDBC statements;
    11372100 nanoseconds spent executing 4 JDBC statements;
    0 nanoseconds spent executing 0 JDBC batches;
    0 nanoseconds spent performing 0 L2C puts;
    0 nanoseconds spent performing 0 L2C hits;
    0 nanoseconds spent performing 0 L2C misses;
    1762000 nanoseconds spent executing 1 flushes (flushing a total of 3 entities and 3 collections);
    0 nanoseconds spent executing 0 partial-flushes (flushing a total of 0 entities and 0 collections)
}
2024-02-13 12:49:03,215 INFO org.hibernate.engine.internal.StatisticalLoggingSessionEventListener [scheduling-1] Session Metrics {
    9200 nanoseconds spent acquiring 1 JDBC connections;
    0 nanoseconds spent releasing 0 JDBC connections;
    77900 nanoseconds spent preparing 4 JDBC statements;
    2651100 nanoseconds spent executing 4 JDBC statements;
    0 nanoseconds spent executing 0 JDBC batches;
    0 nanoseconds spent performing 0 L2C puts;
    0 nanoseconds spent performing 0 L2C hits;
    0 nanoseconds spent performing 0 L2C misses;
    621600 nanoseconds spent executing 1 flushes (flushing a total of 3 entities and 3 collections);
    0 nanoseconds spent executing 0 partial-flushes (flushing a total of 0 entities and 0 collections)
}
2024-02-13 12:49:03,639 INFO org.hibernate.engine.internal.StatisticalLoggingSessionEventListener [scheduling-1] Session Metrics {
    11200 nanoseconds spent acquiring 1 JDBC connections;
    0 nanoseconds spent releasing 0 JDBC connections;
    89100 nanoseconds spent preparing 4 JDBC statements;
    2832000 nanoseconds spent executing 4 JDBC statements;
    0 nanoseconds spent executing 0 JDBC batches;
    0 nanoseconds spent performing 0 L2C puts;
    0 nanoseconds spent performing 0 L2C hits;
    0 nanoseconds spent performing 0 L2C misses;
    775800 nanoseconds spent executing 1 flushes (flushing a total of 3 entities and 3 collections);
    0 nanoseconds spent executing 0 partial-flushes (flushing a total of 0 entities and 0 collections)
}
2024-02-13 12:49:04,125 INFO org.hibernate.engine.internal.StatisticalLoggingSessionEventListener [scheduling-1] Session Metrics {
    10100 nanoseconds spent acquiring 1 JDBC connections;
    0 nanoseconds spent releasing 0 JDBC connections;
    107100 nanoseconds spent preparing 6 JDBC statements;
    3019600 nanoseconds spent executing 6 JDBC statements;
    0 nanoseconds spent executing 0 JDBC batches;
    0 nanoseconds spent performing 0 L2C puts;
    0 nanoseconds spent performing 0 L2C hits;
    0 nanoseconds spent performing 0 L2C misses;
    822800 nanoseconds spent executing 1 flushes (flushing a total of 5 entities and 3 collections);
    0 nanoseconds spent executing 0 partial-flushes (flushing a total of 0 entities and 0 collections)
}
2024-02-13 12:49:04,536 INFO org.hibernate.engine.internal.StatisticalLoggingSessionEventListener [scheduling-1] Session Metrics {
    10300 nanoseconds spent acquiring 1 JDBC connections;
    0 nanoseconds spent releasing 0 JDBC connections;
    88600 nanoseconds spent preparing 4 JDBC statements;
    2151700 nanoseconds spent executing 4 JDBC statements;
    0 nanoseconds spent executing 0 JDBC batches;
    0 nanoseconds spent performing 0 L2C puts;
    0 nanoseconds spent performing 0 L2C hits;
    0 nanoseconds spent performing 0 L2C misses;
    919400 nanoseconds spent executing 1 flushes (flushing a total of 3 entities and 3 collections);
    0 nanoseconds spent executing 0 partial-flushes (flushing a total of 0 entities and 0 collections)
}
2024-02-13 12:49:04,908 INFO org.hibernate.engine.internal.StatisticalLoggingSessionEventListener [scheduling-1] Session Metrics {
    10500 nanoseconds spent acquiring 1 JDBC connections;
    0 nanoseconds spent releasing 0 JDBC connections;
    101700 nanoseconds spent preparing 6 JDBC statements;
    4358100 nanoseconds spent executing 6 JDBC statements;
    0 nanoseconds spent executing 0 JDBC batches;
    0 nanoseconds spent performing 0 L2C puts;
    0 nanoseconds spent performing 0 L2C hits;
    0 nanoseconds spent performing 0 L2C misses;
    1129700 nanoseconds spent executing 1 flushes (flushing a total of 5 entities and 3 collections);
    0 nanoseconds spent executing 0 partial-flushes (flushing a total of 0 entities and 0 collections)
}
2024-02-13 12:49:05,338 INFO org.hibernate.engine.internal.StatisticalLoggingSessionEventListener [scheduling-1] Session Metrics {
    8600 nanoseconds spent acquiring 1 JDBC connections;
    0 nanoseconds spent releasing 0 JDBC connections;
    99300 nanoseconds spent preparing 4 JDBC statements;
    2736200 nanoseconds spent executing 4 JDBC statements;
    0 nanoseconds spent executing 0 JDBC batches;
    0 nanoseconds spent performing 0 L2C puts;
    0 nanoseconds spent performing 0 L2C hits;
    0 nanoseconds spent performing 0 L2C misses;
    812100 nanoseconds spent executing 1 flushes (flushing a total of 3 entities and 3 collections);
    0 nanoseconds spent executing 0 partial-flushes (flushing a total of 0 entities and 0 collections)
}
2024-02-13 12:49:05,817 INFO org.hibernate.engine.internal.StatisticalLoggingSessionEventListener [scheduling-1] Session Metrics {
    8500 nanoseconds spent acquiring 1 JDBC connections;
    0 nanoseconds spent releasing 0 JDBC connections;
    109400 nanoseconds spent preparing 4 JDBC statements;
    9169600 nanoseconds spent executing 4 JDBC statements;
    0 nanoseconds spent executing 0 JDBC batches;
    0 nanoseconds spent performing 0 L2C puts;
    0 nanoseconds spent performing 0 L2C hits;
    0 nanoseconds spent performing 0 L2C misses;
    3753800 nanoseconds spent executing 1 flushes (flushing a total of 3 entities and 3 collections);
    0 nanoseconds spent executing 0 partial-flushes (flushing a total of 0 entities and 0 collections)
}
2024-02-13 12:49:06,218 INFO org.hibernate.engine.internal.StatisticalLoggingSessionEventListener [scheduling-1] Session Metrics {
    8500 nanoseconds spent acquiring 1 JDBC connections;
    0 nanoseconds spent releasing 0 JDBC connections;
    93000 nanoseconds spent preparing 4 JDBC statements;
    4054600 nanoseconds spent executing 4 JDBC statements;
    0 nanoseconds spent executing 0 JDBC batches;
    0 nanoseconds spent performing 0 L2C puts;
    0 nanoseconds spent performing 0 L2C hits;
    0 nanoseconds spent performing 0 L2C misses;
    655700 nanoseconds spent executing 1 flushes (flushing a total of 3 entities and 3 collections);
    0 nanoseconds spent executing 0 partial-flushes (flushing a total of 0 entities and 0 collections)
}
2024-02-13 12:49:06,741 INFO org.hibernate.engine.internal.StatisticalLoggingSessionEventListener [scheduling-1] Session Metrics {
    14400 nanoseconds spent acquiring 1 JDBC connections;
    0 nanoseconds spent releasing 0 JDBC connections;
    87200 nanoseconds spent preparing 4 JDBC statements;
    5334300 nanoseconds spent executing 4 JDBC statements;
    0 nanoseconds spent executing 0 JDBC batches;
    0 nanoseconds spent performing 0 L2C puts;
    0 nanoseconds spent performing 0 L2C hits;
    0 nanoseconds spent performing 0 L2C misses;
    1805500 nanoseconds spent executing 1 flushes (flushing a total of 3 entities and 3 collections);
    0 nanoseconds spent executing 0 partial-flushes (flushing a total of 0 entities and 0 collections)
}
2024-02-13 12:49:07,200 INFO org.hibernate.engine.internal.StatisticalLoggingSessionEventListener [scheduling-1] Session Metrics {
    9600 nanoseconds spent acquiring 1 JDBC connections;
    0 nanoseconds spent releasing 0 JDBC connections;
    86300 nanoseconds spent preparing 4 JDBC statements;
    2689900 nanoseconds spent executing 4 JDBC statements;
    0 nanoseconds spent executing 0 JDBC batches;
    0 nanoseconds spent performing 0 L2C puts;
    0 nanoseconds spent performing 0 L2C hits;
    0 nanoseconds spent performing 0 L2C misses;
    928500 nanoseconds spent executing 1 flushes (flushing a total of 3 entities and 3 collections);
    0 nanoseconds spent executing 0 partial-flushes (flushing a total of 0 entities and 0 collections)
}
2024-02-13 12:49:07,682 INFO org.hibernate.engine.internal.StatisticalLoggingSessionEventListener [scheduling-1] Session Metrics {
    8700 nanoseconds spent acquiring 1 JDBC connections;
    0 nanoseconds spent releasing 0 JDBC connections;
    140900 nanoseconds spent preparing 6 JDBC statements;
    14330800 nanoseconds spent executing 6 JDBC statements;
    0 nanoseconds spent executing 0 JDBC batches;
    0 nanoseconds spent performing 0 L2C puts;
    0 nanoseconds spent performing 0 L2C hits;
    0 nanoseconds spent performing 0 L2C misses;
    5313700 nanoseconds spent executing 1 flushes (flushing a total of 5 entities and 3 collections);
    0 nanoseconds spent executing 0 partial-flushes (flushing a total of 0 entities and 0 collections)
}
2024-02-13 12:49:08,196 INFO org.hibernate.engine.internal.StatisticalLoggingSessionEventListener [scheduling-1] Session Metrics {
    9700 nanoseconds spent acquiring 1 JDBC connections;
    0 nanoseconds spent releasing 0 JDBC connections;
    617800 nanoseconds spent preparing 36 JDBC statements;
    52082100 nanoseconds spent executing 36 JDBC statements;
    0 nanoseconds spent executing 0 JDBC batches;
    0 nanoseconds spent performing 0 L2C puts;
    0 nanoseconds spent performing 0 L2C hits;
    0 nanoseconds spent performing 0 L2C misses;
    41985000 nanoseconds spent executing 1 flushes (flushing a total of 10 entities and 8 collections);
    0 nanoseconds spent executing 0 partial-flushes (flushing a total of 0 entities and 0 collections)
}
2024-02-13 12:49:08,795 INFO org.hibernate.engine.internal.StatisticalLoggingSessionEventListener [scheduling-1] Session Metrics {
    11500 nanoseconds spent acquiring 1 JDBC connections;
    0 nanoseconds spent releasing 0 JDBC connections;
    517200 nanoseconds spent preparing 17 JDBC statements;
    36587900 nanoseconds spent executing 17 JDBC statements;
    0 nanoseconds spent executing 0 JDBC batches;
    0 nanoseconds spent performing 0 L2C puts;
    0 nanoseconds spent performing 0 L2C hits;
    0 nanoseconds spent performing 0 L2C misses;
    19632000 nanoseconds spent executing 1 flushes (flushing a total of 8 entities and 7 collections);
    0 nanoseconds spent executing 0 partial-flushes (flushing a total of 0 entities and 0 collections)
}
2024-02-13 12:49:09,320 INFO org.hibernate.engine.internal.StatisticalLoggingSessionEventListener [scheduling-1] Session Metrics {
    16300 nanoseconds spent acquiring 1 JDBC connections;
    0 nanoseconds spent releasing 0 JDBC connections;
    133200 nanoseconds spent preparing 4 JDBC statements;
    3369700 nanoseconds spent executing 4 JDBC statements;
    0 nanoseconds spent executing 0 JDBC batches;
    0 nanoseconds spent performing 0 L2C puts;
    0 nanoseconds spent performing 0 L2C hits;
    0 nanoseconds spent performing 0 L2C misses;
    1249000 nanoseconds spent executing 1 flushes (flushing a total of 3 entities and 3 collections);
    0 nanoseconds spent executing 0 partial-flushes (flushing a total of 0 entities and 0 collections)
}
2024-02-13 12:49:09,865 INFO org.hibernate.engine.internal.StatisticalLoggingSessionEventListener [scheduling-1] Session Metrics {
    10700 nanoseconds spent acquiring 1 JDBC connections;
    0 nanoseconds spent releasing 0 JDBC connections;
    97000 nanoseconds spent preparing 4 JDBC statements;
    3802400 nanoseconds spent executing 4 JDBC statements;
    0 nanoseconds spent executing 0 JDBC batches;
    0 nanoseconds spent performing 0 L2C puts;
    0 nanoseconds spent performing 0 L2C hits;
    0 nanoseconds spent performing 0 L2C misses;
    723400 nanoseconds spent executing 1 flushes (flushing a total of 3 entities and 3 collections);
    0 nanoseconds spent executing 0 partial-flushes (flushing a total of 0 entities and 0 collections)
}
2024-02-13 12:49:10,346 INFO org.hibernate.engine.internal.StatisticalLoggingSessionEventListener [scheduling-1] Session Metrics {
    8200 nanoseconds spent acquiring 1 JDBC connections;
    0 nanoseconds spent releasing 0 JDBC connections;
    123900 nanoseconds spent preparing 4 JDBC statements;
    13484100 nanoseconds spent executing 4 JDBC statements;
    0 nanoseconds spent executing 0 JDBC batches;
    0 nanoseconds spent performing 0 L2C puts;
    0 nanoseconds spent performing 0 L2C hits;
    0 nanoseconds spent performing 0 L2C misses;
    1534400 nanoseconds spent executing 1 flushes (flushing a total of 3 entities and 3 collections);
    0 nanoseconds spent executing 0 partial-flushes (flushing a total of 0 entities and 0 collections)
}
2024-02-13 12:49:10,729 INFO org.hibernate.engine.internal.StatisticalLoggingSessionEventListener [scheduling-1] Session Metrics {
    8400 nanoseconds spent acquiring 1 JDBC connections;
    0 nanoseconds spent releasing 0 JDBC connections;
    117900 nanoseconds spent preparing 4 JDBC statements;
    2678800 nanoseconds spent executing 4 JDBC statements;
    0 nanoseconds spent executing 0 JDBC batches;
    0 nanoseconds spent performing 0 L2C puts;
    0 nanoseconds spent performing 0 L2C hits;
    0 nanoseconds spent performing 0 L2C misses;
    893300 nanoseconds spent executing 1 flushes (flushing a total of 3 entities and 3 collections);
    0 nanoseconds spent executing 0 partial-flushes (flushing a total of 0 entities and 0 collections)
}
2024-02-13 12:49:11,201 INFO org.hibernate.engine.internal.StatisticalLoggingSessionEventListener [scheduling-1] Session Metrics {
    11500 nanoseconds spent acquiring 1 JDBC connections;
    0 nanoseconds spent releasing 0 JDBC connections;
    229700 nanoseconds spent preparing 6 JDBC statements;
    30782000 nanoseconds spent executing 6 JDBC statements;
    0 nanoseconds spent executing 0 JDBC batches;
    0 nanoseconds spent performing 0 L2C puts;
    0 nanoseconds spent performing 0 L2C hits;
    0 nanoseconds spent performing 0 L2C misses;
    18224000 nanoseconds spent executing 1 flushes (flushing a total of 3 entities and 3 collections);
    0 nanoseconds spent executing 0 partial-flushes (flushing a total of 0 entities and 0 collections)
}
2024-02-13 12:49:11,650 INFO org.hibernate.engine.internal.StatisticalLoggingSessionEventListener [scheduling-1] Session Metrics {
    11000 nanoseconds spent acquiring 1 JDBC connections;
    0 nanoseconds spent releasing 0 JDBC connections;
    208300 nanoseconds spent preparing 6 JDBC statements;
    22377000 nanoseconds spent executing 6 JDBC statements;
    0 nanoseconds spent executing 0 JDBC batches;
    0 nanoseconds spent performing 0 L2C puts;
    0 nanoseconds spent performing 0 L2C hits;
    0 nanoseconds spent performing 0 L2C misses;
    7662800 nanoseconds spent executing 1 flushes (flushing a total of 3 entities and 3 collections);
    0 nanoseconds spent executing 0 partial-flushes (flushing a total of 0 entities and 0 collections)
}
2024-02-13 12:49:12,033 INFO org.hibernate.engine.internal.StatisticalLoggingSessionEventListener [scheduling-1] Session Metrics {
    10000 nanoseconds spent acquiring 1 JDBC connections;
    0 nanoseconds spent releasing 0 JDBC connections;
    130900 nanoseconds spent preparing 6 JDBC statements;
    2455400 nanoseconds spent executing 6 JDBC statements;
    0 nanoseconds spent executing 0 JDBC batches;
    0 nanoseconds spent performing 0 L2C puts;
    0 nanoseconds spent performing 0 L2C hits;
    0 nanoseconds spent performing 0 L2C misses;
    1565200 nanoseconds spent executing 1 flushes (flushing a total of 3 entities and 3 collections);
    0 nanoseconds spent executing 0 partial-flushes (flushing a total of 0 entities and 0 collections)
}
2024-02-13 12:49:12,409 INFO org.hibernate.engine.internal.StatisticalLoggingSessionEventListener [scheduling-1] Session Metrics {
    9200 nanoseconds spent acquiring 1 JDBC connections;
    0 nanoseconds spent releasing 0 JDBC connections;
    110800 nanoseconds spent preparing 2 JDBC statements;
    3318800 nanoseconds spent executing 2 JDBC statements;
    0 nanoseconds spent executing 0 JDBC batches;
    0 nanoseconds spent performing 0 L2C puts;
    0 nanoseconds spent performing 0 L2C hits;
    0 nanoseconds spent performing 0 L2C misses;
    353500 nanoseconds spent executing 1 flushes (flushing a total of 2 entities and 2 collections);
    0 nanoseconds spent executing 0 partial-flushes (flushing a total of 0 entities and 0 collections)
}
2024-02-13 12:49:12,796 INFO org.hibernate.engine.internal.StatisticalLoggingSessionEventListener [scheduling-1] Session Metrics {
    10300 nanoseconds spent acquiring 1 JDBC connections;
    0 nanoseconds spent releasing 0 JDBC connections;
    53000 nanoseconds spent preparing 2 JDBC statements;
    1638300 nanoseconds spent executing 2 JDBC statements;
    0 nanoseconds spent executing 0 JDBC batches;
    0 nanoseconds spent performing 0 L2C puts;
    0 nanoseconds spent performing 0 L2C hits;
    0 nanoseconds spent performing 0 L2C misses;
    161100 nanoseconds spent executing 1 flushes (flushing a total of 2 entities and 2 collections);
    0 nanoseconds spent executing 0 partial-flushes (flushing a total of 0 entities and 0 collections)
}
2024-02-13 12:49:13,175 INFO org.hibernate.engine.internal.StatisticalLoggingSessionEventListener [scheduling-1] Session Metrics {
    9400 nanoseconds spent acquiring 1 JDBC connections;
    0 nanoseconds spent releasing 0 JDBC connections;
    84900 nanoseconds spent preparing 4 JDBC statements;
    3707200 nanoseconds spent executing 4 JDBC statements;
    0 nanoseconds spent executing 0 JDBC batches;
    0 nanoseconds spent performing 0 L2C puts;
    0 nanoseconds spent performing 0 L2C hits;
    0 nanoseconds spent performing 0 L2C misses;
    2259800 nanoseconds spent executing 1 flushes (flushing a total of 3 entities and 3 collections);
    0 nanoseconds spent executing 0 partial-flushes (flushing a total of 0 entities and 0 collections)
}
2024-02-13 12:50:21,993 INFO org.springframework.test.context.support.AnnotationConfigContextLoaderUtils [main] Could not detect default configuration classes for test class [tech.noetzold.healthcheckAPI.HealthcheckApiApplicationTests]: HealthcheckApiApplicationTests does not declare any static, non-private, non-final, nested classes annotated with @Configuration.
2024-02-13 12:50:22,079 INFO org.springframework.boot.test.context.SpringBootTestContextBootstrapper [main] Found @SpringBootConfiguration tech.noetzold.healthcheckAPI.HealthcheckApiApplication for test class tech.noetzold.healthcheckAPI.HealthcheckApiApplicationTests
2024-02-13 12:50:23,511 INFO tech.noetzold.healthcheckAPI.HealthcheckApiApplicationTests [main] Starting HealthcheckApiApplicationTests using Java 17.0.7 with PID 13684 (started by Darlan in C:\Users\Usu·rio\Documents\Projetos\GitHub\healthcheck_API\healthcheck-collector)
2024-02-13 12:50:23,512 INFO tech.noetzold.healthcheckAPI.HealthcheckApiApplicationTests [main] No active profile set, falling back to 1 default profile: "default"
2024-02-13 12:50:24,153 INFO org.springframework.data.repository.config.RepositoryConfigurationDelegate [main] Bootstrapping Spring Data JPA repositories in DEFAULT mode.
2024-02-13 12:50:24,295 INFO org.springframework.data.repository.config.RepositoryConfigurationDelegate [main] Finished Spring Data repository scanning in 135 ms. Found 3 JPA repository interfaces.
2024-02-13 12:50:24,481 INFO org.springframework.cloud.context.scope.GenericScope [main] BeanFactory id=67b4baba-afc5-36fe-8c1f-7199496fb8fa
2024-02-13 12:50:24,716 INFO org.hibernate.jpa.internal.util.LogHelper [main] HHH000204: Processing PersistenceUnitInfo [name: default]
2024-02-13 12:50:24,765 INFO org.hibernate.Version [main] HHH000412: Hibernate ORM core version 6.4.1.Final
2024-02-13 12:50:24,798 INFO org.hibernate.cache.internal.RegionFactoryInitiator [main] HHH000026: Second-level cache disabled
2024-02-13 12:50:25,050 INFO org.springframework.orm.jpa.persistenceunit.SpringPersistenceUnitInfo [main] No LoadTimeWeaver setup: ignoring JPA class transformer
2024-02-13 12:50:25,076 INFO com.zaxxer.hikari.HikariDataSource [main] HikariPool-1 - Starting...
2024-02-13 12:50:25,212 INFO com.zaxxer.hikari.pool.HikariPool [main] HikariPool-1 - Added connection org.postgresql.jdbc.PgConnection@693f2c89
2024-02-13 12:50:25,214 INFO com.zaxxer.hikari.HikariDataSource [main] HikariPool-1 - Start completed.
2024-02-13 12:50:25,972 INFO org.hibernate.engine.transaction.jta.platform.internal.JtaPlatformInitiator [main] HHH000489: No JTA platform available (set 'hibernate.transaction.jta.platform' to enable JTA platform integration)
2024-02-13 12:50:26,214 INFO org.springframework.orm.jpa.LocalContainerEntityManagerFactoryBean [main] Initialized JPA EntityManagerFactory for persistence unit 'default'
2024-02-13 12:50:26,316 WARN org.springframework.boot.autoconfigure.orm.jpa.JpaBaseConfiguration$JpaWebConfiguration [main] spring.jpa.open-in-view is enabled by default. Therefore, database queries may be performed during view rendering. Explicitly configure spring.jpa.open-in-view to disable this warning
2024-02-13 12:50:26,469 INFO org.hibernate.engine.internal.StatisticalLoggingSessionEventListener [main] Session Metrics {
    0 nanoseconds spent acquiring 0 JDBC connections;
    0 nanoseconds spent releasing 0 JDBC connections;
    0 nanoseconds spent preparing 0 JDBC statements;
    0 nanoseconds spent executing 0 JDBC statements;
    0 nanoseconds spent executing 0 JDBC batches;
    0 nanoseconds spent performing 0 L2C puts;
    0 nanoseconds spent performing 0 L2C hits;
    0 nanoseconds spent performing 0 L2C misses;
    0 nanoseconds spent executing 0 flushes (flushing a total of 0 entities and 0 collections);
    0 nanoseconds spent executing 0 partial-flushes (flushing a total of 0 entities and 0 collections)
}
2024-02-13 12:50:26,470 INFO org.hibernate.engine.internal.StatisticalLoggingSessionEventListener [main] Session Metrics {
    0 nanoseconds spent acquiring 0 JDBC connections;
    0 nanoseconds spent releasing 0 JDBC connections;
    0 nanoseconds spent preparing 0 JDBC statements;
    0 nanoseconds spent executing 0 JDBC statements;
    0 nanoseconds spent executing 0 JDBC batches;
    0 nanoseconds spent performing 0 L2C puts;
    0 nanoseconds spent performing 0 L2C hits;
    0 nanoseconds spent performing 0 L2C misses;
    0 nanoseconds spent executing 0 flushes (flushing a total of 0 entities and 0 collections);
    0 nanoseconds spent executing 0 partial-flushes (flushing a total of 0 entities and 0 collections)
}
2024-02-13 12:50:26,525 INFO org.hibernate.engine.internal.StatisticalLoggingSessionEventListener [main] Session Metrics {
    0 nanoseconds spent acquiring 0 JDBC connections;
    0 nanoseconds spent releasing 0 JDBC connections;
    0 nanoseconds spent preparing 0 JDBC statements;
    0 nanoseconds spent executing 0 JDBC statements;
    0 nanoseconds spent executing 0 JDBC batches;
    0 nanoseconds spent performing 0 L2C puts;
    0 nanoseconds spent performing 0 L2C hits;
    0 nanoseconds spent performing 0 L2C misses;
    0 nanoseconds spent executing 0 flushes (flushing a total of 0 entities and 0 collections);
    0 nanoseconds spent executing 0 partial-flushes (flushing a total of 0 entities and 0 collections)
}
2024-02-13 12:50:26,577 INFO org.hibernate.engine.internal.StatisticalLoggingSessionEventListener [main] Session Metrics {
    0 nanoseconds spent acquiring 0 JDBC connections;
    0 nanoseconds spent releasing 0 JDBC connections;
    0 nanoseconds spent preparing 0 JDBC statements;
    0 nanoseconds spent executing 0 JDBC statements;
    0 nanoseconds spent executing 0 JDBC batches;
    0 nanoseconds spent performing 0 L2C puts;
    0 nanoseconds spent performing 0 L2C hits;
    0 nanoseconds spent performing 0 L2C misses;
    0 nanoseconds spent executing 0 flushes (flushing a total of 0 entities and 0 collections);
    0 nanoseconds spent executing 0 partial-flushes (flushing a total of 0 entities and 0 collections)
}
2024-02-13 12:50:26,578 INFO org.hibernate.engine.internal.StatisticalLoggingSessionEventListener [main] Session Metrics {
    0 nanoseconds spent acquiring 0 JDBC connections;
    0 nanoseconds spent releasing 0 JDBC connections;
    0 nanoseconds spent preparing 0 JDBC statements;
    0 nanoseconds spent executing 0 JDBC statements;
    0 nanoseconds spent executing 0 JDBC batches;
    0 nanoseconds spent performing 0 L2C puts;
    0 nanoseconds spent performing 0 L2C hits;
    0 nanoseconds spent performing 0 L2C misses;
    0 nanoseconds spent executing 0 flushes (flushing a total of 0 entities and 0 collections);
    0 nanoseconds spent executing 0 partial-flushes (flushing a total of 0 entities and 0 collections)
}
2024-02-13 12:50:26,592 INFO org.hibernate.engine.internal.StatisticalLoggingSessionEventListener [main] Session Metrics {
    0 nanoseconds spent acquiring 0 JDBC connections;
    0 nanoseconds spent releasing 0 JDBC connections;
    0 nanoseconds spent preparing 0 JDBC statements;
    0 nanoseconds spent executing 0 JDBC statements;
    0 nanoseconds spent executing 0 JDBC batches;
    0 nanoseconds spent performing 0 L2C puts;
    0 nanoseconds spent performing 0 L2C hits;
    0 nanoseconds spent performing 0 L2C misses;
    0 nanoseconds spent executing 0 flushes (flushing a total of 0 entities and 0 collections);
    0 nanoseconds spent executing 0 partial-flushes (flushing a total of 0 entities and 0 collections)
}
2024-02-13 12:50:26,593 INFO org.hibernate.engine.internal.StatisticalLoggingSessionEventListener [main] Session Metrics {
    0 nanoseconds spent acquiring 0 JDBC connections;
    0 nanoseconds spent releasing 0 JDBC connections;
    0 nanoseconds spent preparing 0 JDBC statements;
    0 nanoseconds spent executing 0 JDBC statements;
    0 nanoseconds spent executing 0 JDBC batches;
    0 nanoseconds spent performing 0 L2C puts;
    0 nanoseconds spent performing 0 L2C hits;
    0 nanoseconds spent performing 0 L2C misses;
    0 nanoseconds spent executing 0 flushes (flushing a total of 0 entities and 0 collections);
    0 nanoseconds spent executing 0 partial-flushes (flushing a total of 0 entities and 0 collections)
}
2024-02-13 12:50:28,159 INFO org.springframework.cloud.commons.util.InetUtils [main] Cannot determine local hostname
2024-02-13 12:50:28,190 INFO tech.noetzold.healthcheckAPI.HealthcheckApiApplicationTests [main] Started HealthcheckApiApplicationTests in 5.99 seconds (process running for 6.935)
2024-02-13 12:50:28,686 INFO org.hibernate.engine.internal.StatisticalLoggingSessionEventListener [scheduling-1] Session Metrics {
    1422800 nanoseconds spent acquiring 1 JDBC connections;
    0 nanoseconds spent releasing 0 JDBC connections;
    446200 nanoseconds spent preparing 4 JDBC statements;
    13317800 nanoseconds spent executing 4 JDBC statements;
    0 nanoseconds spent executing 0 JDBC batches;
    0 nanoseconds spent performing 0 L2C puts;
    0 nanoseconds spent performing 0 L2C hits;
    0 nanoseconds spent performing 0 L2C misses;
    13769700 nanoseconds spent executing 1 flushes (flushing a total of 3 entities and 3 collections);
    0 nanoseconds spent executing 0 partial-flushes (flushing a total of 0 entities and 0 collections)
}
2024-02-13 12:50:29,107 INFO org.hibernate.engine.internal.StatisticalLoggingSessionEventListener [scheduling-1] Session Metrics {
    13100 nanoseconds spent acquiring 1 JDBC connections;
    0 nanoseconds spent releasing 0 JDBC connections;
    125700 nanoseconds spent preparing 4 JDBC statements;
    3685800 nanoseconds spent executing 4 JDBC statements;
    0 nanoseconds spent executing 0 JDBC batches;
    0 nanoseconds spent performing 0 L2C puts;
    0 nanoseconds spent performing 0 L2C hits;
    0 nanoseconds spent performing 0 L2C misses;
    2006300 nanoseconds spent executing 1 flushes (flushing a total of 3 entities and 3 collections);
    0 nanoseconds spent executing 0 partial-flushes (flushing a total of 0 entities and 0 collections)
}
2024-02-13 12:50:29,537 INFO org.hibernate.engine.internal.StatisticalLoggingSessionEventListener [scheduling-1] Session Metrics {
    8900 nanoseconds spent acquiring 1 JDBC connections;
    0 nanoseconds spent releasing 0 JDBC connections;
    372500 nanoseconds spent preparing 28 JDBC statements;
    15202300 nanoseconds spent executing 28 JDBC statements;
    0 nanoseconds spent executing 0 JDBC batches;
    0 nanoseconds spent performing 0 L2C puts;
    0 nanoseconds spent performing 0 L2C hits;
    0 nanoseconds spent performing 0 L2C misses;
    12711400 nanoseconds spent executing 1 flushes (flushing a total of 6 entities and 6 collections);
    0 nanoseconds spent executing 0 partial-flushes (flushing a total of 0 entities and 0 collections)
}
2024-02-13 12:50:29,937 INFO org.hibernate.engine.internal.StatisticalLoggingSessionEventListener [scheduling-1] Session Metrics {
    9700 nanoseconds spent acquiring 1 JDBC connections;
    0 nanoseconds spent releasing 0 JDBC connections;
    392300 nanoseconds spent preparing 24 JDBC statements;
    17073900 nanoseconds spent executing 24 JDBC statements;
    0 nanoseconds spent executing 0 JDBC batches;
    0 nanoseconds spent performing 0 L2C puts;
    0 nanoseconds spent performing 0 L2C hits;
    0 nanoseconds spent performing 0 L2C misses;
    13202200 nanoseconds spent executing 1 flushes (flushing a total of 5 entities and 5 collections);
    0 nanoseconds spent executing 0 partial-flushes (flushing a total of 0 entities and 0 collections)
}
2024-02-13 12:50:30,333 INFO org.hibernate.engine.internal.StatisticalLoggingSessionEventListener [scheduling-1] Session Metrics {
    10200 nanoseconds spent acquiring 1 JDBC connections;
    0 nanoseconds spent releasing 0 JDBC connections;
    395600 nanoseconds spent preparing 24 JDBC statements;
    23646100 nanoseconds spent executing 24 JDBC statements;
    0 nanoseconds spent executing 0 JDBC batches;
    0 nanoseconds spent performing 0 L2C puts;
    0 nanoseconds spent performing 0 L2C hits;
    0 nanoseconds spent performing 0 L2C misses;
    21467100 nanoseconds spent executing 1 flushes (flushing a total of 5 entities and 5 collections);
    0 nanoseconds spent executing 0 partial-flushes (flushing a total of 0 entities and 0 collections)
}
2024-02-13 12:50:30,699 INFO org.hibernate.engine.internal.StatisticalLoggingSessionEventListener [scheduling-1] Session Metrics {
    8600 nanoseconds spent acquiring 1 JDBC connections;
    0 nanoseconds spent releasing 0 JDBC connections;
    395500 nanoseconds spent preparing 24 JDBC statements;
    19161800 nanoseconds spent executing 24 JDBC statements;
    0 nanoseconds spent executing 0 JDBC batches;
    0 nanoseconds spent performing 0 L2C puts;
    0 nanoseconds spent performing 0 L2C hits;
    0 nanoseconds spent performing 0 L2C misses;
    16767900 nanoseconds spent executing 1 flushes (flushing a total of 5 entities and 5 collections);
    0 nanoseconds spent executing 0 partial-flushes (flushing a total of 0 entities and 0 collections)
}
2024-02-13 12:50:30,953 INFO org.hibernate.engine.internal.StatisticalLoggingSessionEventListener [scheduling-1] Session Metrics {
    9400 nanoseconds spent acquiring 1 JDBC connections;
    0 nanoseconds spent releasing 0 JDBC connections;
    99200 nanoseconds spent preparing 4 JDBC statements;
    2351700 nanoseconds spent executing 4 JDBC statements;
    0 nanoseconds spent executing 0 JDBC batches;
    0 nanoseconds spent performing 0 L2C puts;
    0 nanoseconds spent performing 0 L2C hits;
    0 nanoseconds spent performing 0 L2C misses;
    1137300 nanoseconds spent executing 1 flushes (flushing a total of 3 entities and 3 collections);
    0 nanoseconds spent executing 0 partial-flushes (flushing a total of 0 entities and 0 collections)
}
2024-02-13 12:50:31,248 INFO org.hibernate.engine.internal.StatisticalLoggingSessionEventListener [scheduling-1] Session Metrics {
    8900 nanoseconds spent acquiring 1 JDBC connections;
    0 nanoseconds spent releasing 0 JDBC connections;
    87200 nanoseconds spent preparing 4 JDBC statements;
    3263800 nanoseconds spent executing 4 JDBC statements;
    0 nanoseconds spent executing 0 JDBC batches;
    0 nanoseconds spent performing 0 L2C puts;
    0 nanoseconds spent performing 0 L2C hits;
    0 nanoseconds spent performing 0 L2C misses;
    1141300 nanoseconds spent executing 1 flushes (flushing a total of 3 entities and 3 collections);
    0 nanoseconds spent executing 0 partial-flushes (flushing a total of 0 entities and 0 collections)
}
2024-02-13 12:50:31,576 INFO org.hibernate.engine.internal.StatisticalLoggingSessionEventListener [scheduling-1] Session Metrics {
    10600 nanoseconds spent acquiring 1 JDBC connections;
    0 nanoseconds spent releasing 0 JDBC connections;
    94200 nanoseconds spent preparing 4 JDBC statements;
    15467400 nanoseconds spent executing 4 JDBC statements;
    0 nanoseconds spent executing 0 JDBC batches;
    0 nanoseconds spent performing 0 L2C puts;
    0 nanoseconds spent performing 0 L2C hits;
    0 nanoseconds spent performing 0 L2C misses;
    13802700 nanoseconds spent executing 1 flushes (flushing a total of 3 entities and 3 collections);
    0 nanoseconds spent executing 0 partial-flushes (flushing a total of 0 entities and 0 collections)
}
2024-02-13 12:50:31,873 INFO org.hibernate.engine.internal.StatisticalLoggingSessionEventListener [scheduling-1] Session Metrics {
    14500 nanoseconds spent acquiring 1 JDBC connections;
    0 nanoseconds spent releasing 0 JDBC connections;
    103300 nanoseconds spent preparing 4 JDBC statements;
    3232800 nanoseconds spent executing 4 JDBC statements;
    0 nanoseconds spent executing 0 JDBC batches;
    0 nanoseconds spent performing 0 L2C puts;
    0 nanoseconds spent performing 0 L2C hits;
    0 nanoseconds spent performing 0 L2C misses;
    961200 nanoseconds spent executing 1 flushes (flushing a total of 3 entities and 3 collections);
    0 nanoseconds spent executing 0 partial-flushes (flushing a total of 0 entities and 0 collections)
}
2024-02-13 12:50:32,163 INFO org.hibernate.engine.internal.StatisticalLoggingSessionEventListener [scheduling-1] Session Metrics {
    9100 nanoseconds spent acquiring 1 JDBC connections;
    0 nanoseconds spent releasing 0 JDBC connections;
    119000 nanoseconds spent preparing 4 JDBC statements;
    3016400 nanoseconds spent executing 4 JDBC statements;
    0 nanoseconds spent executing 0 JDBC batches;
    0 nanoseconds spent performing 0 L2C puts;
    0 nanoseconds spent performing 0 L2C hits;
    0 nanoseconds spent performing 0 L2C misses;
    1725100 nanoseconds spent executing 1 flushes (flushing a total of 3 entities and 3 collections);
    0 nanoseconds spent executing 0 partial-flushes (flushing a total of 0 entities and 0 collections)
}
2024-02-13 12:50:32,417 INFO org.hibernate.engine.internal.StatisticalLoggingSessionEventListener [scheduling-1] Session Metrics {
    15000 nanoseconds spent acquiring 1 JDBC connections;
    0 nanoseconds spent releasing 0 JDBC connections;
    96600 nanoseconds spent preparing 4 JDBC statements;
    2532500 nanoseconds spent executing 4 JDBC statements;
    0 nanoseconds spent executing 0 JDBC batches;
    0 nanoseconds spent performing 0 L2C puts;
    0 nanoseconds spent performing 0 L2C hits;
    0 nanoseconds spent performing 0 L2C misses;
    984000 nanoseconds spent executing 1 flushes (flushing a total of 3 entities and 3 collections);
    0 nanoseconds spent executing 0 partial-flushes (flushing a total of 0 entities and 0 collections)
}
2024-02-13 12:50:32,617 INFO org.hibernate.engine.internal.StatisticalLoggingSessionEventListener [scheduling-1] Session Metrics {
    8900 nanoseconds spent acquiring 1 JDBC connections;
    0 nanoseconds spent releasing 0 JDBC connections;
    88500 nanoseconds spent preparing 4 JDBC statements;
    2293300 nanoseconds spent executing 4 JDBC statements;
    0 nanoseconds spent executing 0 JDBC batches;
    0 nanoseconds spent performing 0 L2C puts;
    0 nanoseconds spent performing 0 L2C hits;
    0 nanoseconds spent performing 0 L2C misses;
    924000 nanoseconds spent executing 1 flushes (flushing a total of 3 entities and 3 collections);
    0 nanoseconds spent executing 0 partial-flushes (flushing a total of 0 entities and 0 collections)
}
2024-02-13 12:50:32,889 INFO org.hibernate.engine.internal.StatisticalLoggingSessionEventListener [scheduling-1] Session Metrics {
    12700 nanoseconds spent acquiring 1 JDBC connections;
    0 nanoseconds spent releasing 0 JDBC connections;
    104900 nanoseconds spent preparing 4 JDBC statements;
    2755900 nanoseconds spent executing 4 JDBC statements;
    0 nanoseconds spent executing 0 JDBC batches;
    0 nanoseconds spent performing 0 L2C puts;
    0 nanoseconds spent performing 0 L2C hits;
    0 nanoseconds spent performing 0 L2C misses;
    1275700 nanoseconds spent executing 1 flushes (flushing a total of 3 entities and 3 collections);
    0 nanoseconds spent executing 0 partial-flushes (flushing a total of 0 entities and 0 collections)
}
2024-02-13 12:50:33,318 INFO org.hibernate.engine.internal.StatisticalLoggingSessionEventListener [scheduling-1] Session Metrics {
    12600 nanoseconds spent acquiring 1 JDBC connections;
    0 nanoseconds spent releasing 0 JDBC connections;
    89800 nanoseconds spent preparing 4 JDBC statements;
    3490000 nanoseconds spent executing 4 JDBC statements;
    0 nanoseconds spent executing 0 JDBC batches;
    0 nanoseconds spent performing 0 L2C puts;
    0 nanoseconds spent performing 0 L2C hits;
    0 nanoseconds spent performing 0 L2C misses;
    659300 nanoseconds spent executing 1 flushes (flushing a total of 3 entities and 3 collections);
    0 nanoseconds spent executing 0 partial-flushes (flushing a total of 0 entities and 0 collections)
}
2024-02-13 12:50:33,696 INFO org.hibernate.engine.internal.StatisticalLoggingSessionEventListener [scheduling-1] Session Metrics {
    13400 nanoseconds spent acquiring 1 JDBC connections;
    0 nanoseconds spent releasing 0 JDBC connections;
    94300 nanoseconds spent preparing 4 JDBC statements;
    2768400 nanoseconds spent executing 4 JDBC statements;
    0 nanoseconds spent executing 0 JDBC batches;
    0 nanoseconds spent performing 0 L2C puts;
    0 nanoseconds spent performing 0 L2C hits;
    0 nanoseconds spent performing 0 L2C misses;
    868300 nanoseconds spent executing 1 flushes (flushing a total of 3 entities and 3 collections);
    0 nanoseconds spent executing 0 partial-flushes (flushing a total of 0 entities and 0 collections)
}
2024-02-13 12:50:34,136 INFO org.hibernate.engine.internal.StatisticalLoggingSessionEventListener [scheduling-1] Session Metrics {
    12600 nanoseconds spent acquiring 1 JDBC connections;
    0 nanoseconds spent releasing 0 JDBC connections;
    98000 nanoseconds spent preparing 6 JDBC statements;
    2863000 nanoseconds spent executing 6 JDBC statements;
    0 nanoseconds spent executing 0 JDBC batches;
    0 nanoseconds spent performing 0 L2C puts;
    0 nanoseconds spent performing 0 L2C hits;
    0 nanoseconds spent performing 0 L2C misses;
    755900 nanoseconds spent executing 1 flushes (flushing a total of 5 entities and 3 collections);
    0 nanoseconds spent executing 0 partial-flushes (flushing a total of 0 entities and 0 collections)
}
2024-02-13 12:50:34,599 INFO org.hibernate.engine.internal.StatisticalLoggingSessionEventListener [scheduling-1] Session Metrics {
    10600 nanoseconds spent acquiring 1 JDBC connections;
    0 nanoseconds spent releasing 0 JDBC connections;
    95700 nanoseconds spent preparing 4 JDBC statements;
    2814000 nanoseconds spent executing 4 JDBC statements;
    0 nanoseconds spent executing 0 JDBC batches;
    0 nanoseconds spent performing 0 L2C puts;
    0 nanoseconds spent performing 0 L2C hits;
    0 nanoseconds spent performing 0 L2C misses;
    960300 nanoseconds spent executing 1 flushes (flushing a total of 3 entities and 3 collections);
    0 nanoseconds spent executing 0 partial-flushes (flushing a total of 0 entities and 0 collections)
}
2024-02-13 12:50:34,897 INFO org.hibernate.engine.internal.StatisticalLoggingSessionEventListener [scheduling-1] Session Metrics {
    11200 nanoseconds spent acquiring 1 JDBC connections;
    0 nanoseconds spent releasing 0 JDBC connections;
    119200 nanoseconds spent preparing 6 JDBC statements;
    3344000 nanoseconds spent executing 6 JDBC statements;
    0 nanoseconds spent executing 0 JDBC batches;
    0 nanoseconds spent performing 0 L2C puts;
    0 nanoseconds spent performing 0 L2C hits;
    0 nanoseconds spent performing 0 L2C misses;
    949200 nanoseconds spent executing 1 flushes (flushing a total of 5 entities and 3 collections);
    0 nanoseconds spent executing 0 partial-flushes (flushing a total of 0 entities and 0 collections)
}
2024-02-13 12:50:35,194 INFO org.hibernate.engine.internal.StatisticalLoggingSessionEventListener [scheduling-1] Session Metrics {
    10500 nanoseconds spent acquiring 1 JDBC connections;
    0 nanoseconds spent releasing 0 JDBC connections;
    108700 nanoseconds spent preparing 4 JDBC statements;
    9129900 nanoseconds spent executing 4 JDBC statements;
    0 nanoseconds spent executing 0 JDBC batches;
    0 nanoseconds spent performing 0 L2C puts;
    0 nanoseconds spent performing 0 L2C hits;
    0 nanoseconds spent performing 0 L2C misses;
    1286400 nanoseconds spent executing 1 flushes (flushing a total of 3 entities and 3 collections);
    0 nanoseconds spent executing 0 partial-flushes (flushing a total of 0 entities and 0 collections)
}
2024-02-13 12:50:35,550 INFO org.hibernate.engine.internal.StatisticalLoggingSessionEventListener [scheduling-1] Session Metrics {
    12700 nanoseconds spent acquiring 1 JDBC connections;
    0 nanoseconds spent releasing 0 JDBC connections;
    100800 nanoseconds spent preparing 4 JDBC statements;
    2553400 nanoseconds spent executing 4 JDBC statements;
    0 nanoseconds spent executing 0 JDBC batches;
    0 nanoseconds spent performing 0 L2C puts;
    0 nanoseconds spent performing 0 L2C hits;
    0 nanoseconds spent performing 0 L2C misses;
    826700 nanoseconds spent executing 1 flushes (flushing a total of 3 entities and 3 collections);
    0 nanoseconds spent executing 0 partial-flushes (flushing a total of 0 entities and 0 collections)
}
2024-02-13 12:50:35,960 INFO org.hibernate.engine.internal.StatisticalLoggingSessionEventListener [scheduling-1] Session Metrics {
    11300 nanoseconds spent acquiring 1 JDBC connections;
    0 nanoseconds spent releasing 0 JDBC connections;
    91900 nanoseconds spent preparing 4 JDBC statements;
    2659000 nanoseconds spent executing 4 JDBC statements;
    0 nanoseconds spent executing 0 JDBC batches;
    0 nanoseconds spent performing 0 L2C puts;
    0 nanoseconds spent performing 0 L2C hits;
    0 nanoseconds spent performing 0 L2C misses;
    803500 nanoseconds spent executing 1 flushes (flushing a total of 3 entities and 3 collections);
    0 nanoseconds spent executing 0 partial-flushes (flushing a total of 0 entities and 0 collections)
}
2024-02-13 12:50:36,386 INFO org.hibernate.engine.internal.StatisticalLoggingSessionEventListener [scheduling-1] Session Metrics {
    9400 nanoseconds spent acquiring 1 JDBC connections;
    0 nanoseconds spent releasing 0 JDBC connections;
    125200 nanoseconds spent preparing 4 JDBC statements;
    2686200 nanoseconds spent executing 4 JDBC statements;
    0 nanoseconds spent executing 0 JDBC batches;
    0 nanoseconds spent performing 0 L2C puts;
    0 nanoseconds spent performing 0 L2C hits;
    0 nanoseconds spent performing 0 L2C misses;
    1172800 nanoseconds spent executing 1 flushes (flushing a total of 3 entities and 3 collections);
    0 nanoseconds spent executing 0 partial-flushes (flushing a total of 0 entities and 0 collections)
}
2024-02-13 12:50:36,667 INFO org.hibernate.engine.internal.StatisticalLoggingSessionEventListener [scheduling-1] Session Metrics {
    13200 nanoseconds spent acquiring 1 JDBC connections;
    0 nanoseconds spent releasing 0 JDBC connections;
    84400 nanoseconds spent preparing 4 JDBC statements;
    1958000 nanoseconds spent executing 4 JDBC statements;
    0 nanoseconds spent executing 0 JDBC batches;
    0 nanoseconds spent performing 0 L2C puts;
    0 nanoseconds spent performing 0 L2C hits;
    0 nanoseconds spent performing 0 L2C misses;
    673800 nanoseconds spent executing 1 flushes (flushing a total of 3 entities and 3 collections);
    0 nanoseconds spent executing 0 partial-flushes (flushing a total of 0 entities and 0 collections)
}
2024-02-13 12:50:36,944 INFO org.hibernate.engine.internal.StatisticalLoggingSessionEventListener [scheduling-1] Session Metrics {
    8900 nanoseconds spent acquiring 1 JDBC connections;
    0 nanoseconds spent releasing 0 JDBC connections;
    124800 nanoseconds spent preparing 6 JDBC statements;
    5645900 nanoseconds spent executing 6 JDBC statements;
    0 nanoseconds spent executing 0 JDBC batches;
    0 nanoseconds spent performing 0 L2C puts;
    0 nanoseconds spent performing 0 L2C hits;
    0 nanoseconds spent performing 0 L2C misses;
    1085600 nanoseconds spent executing 1 flushes (flushing a total of 5 entities and 3 collections);
    0 nanoseconds spent executing 0 partial-flushes (flushing a total of 0 entities and 0 collections)
}
2024-02-13 12:50:37,254 INFO org.hibernate.engine.internal.StatisticalLoggingSessionEventListener [scheduling-1] Session Metrics {
    17400 nanoseconds spent acquiring 1 JDBC connections;
    0 nanoseconds spent releasing 0 JDBC connections;
    467900 nanoseconds spent preparing 36 JDBC statements;
    25127600 nanoseconds spent executing 36 JDBC statements;
    0 nanoseconds spent executing 0 JDBC batches;
    0 nanoseconds spent performing 0 L2C puts;
    0 nanoseconds spent performing 0 L2C hits;
    0 nanoseconds spent performing 0 L2C misses;
    21008100 nanoseconds spent executing 1 flushes (flushing a total of 10 entities and 8 collections);
    0 nanoseconds spent executing 0 partial-flushes (flushing a total of 0 entities and 0 collections)
}
2024-02-13 12:50:37,543 INFO org.hibernate.engine.internal.StatisticalLoggingSessionEventListener [scheduling-1] Session Metrics {
    12200 nanoseconds spent acquiring 1 JDBC connections;
    0 nanoseconds spent releasing 0 JDBC connections;
    275400 nanoseconds spent preparing 17 JDBC statements;
    10035400 nanoseconds spent executing 17 JDBC statements;
    0 nanoseconds spent executing 0 JDBC batches;
    0 nanoseconds spent performing 0 L2C puts;
    0 nanoseconds spent performing 0 L2C hits;
    0 nanoseconds spent performing 0 L2C misses;
    6003600 nanoseconds spent executing 1 flushes (flushing a total of 8 entities and 7 collections);
    0 nanoseconds spent executing 0 partial-flushes (flushing a total of 0 entities and 0 collections)
}
2024-02-13 12:50:37,832 INFO org.hibernate.engine.internal.StatisticalLoggingSessionEventListener [scheduling-1] Session Metrics {
    10300 nanoseconds spent acquiring 1 JDBC connections;
    0 nanoseconds spent releasing 0 JDBC connections;
    95800 nanoseconds spent preparing 4 JDBC statements;
    2921300 nanoseconds spent executing 4 JDBC statements;
    0 nanoseconds spent executing 0 JDBC batches;
    0 nanoseconds spent performing 0 L2C puts;
    0 nanoseconds spent performing 0 L2C hits;
    0 nanoseconds spent performing 0 L2C misses;
    1119800 nanoseconds spent executing 1 flushes (flushing a total of 3 entities and 3 collections);
    0 nanoseconds spent executing 0 partial-flushes (flushing a total of 0 entities and 0 collections)
}
2024-02-13 12:50:38,099 INFO org.hibernate.engine.internal.StatisticalLoggingSessionEventListener [scheduling-1] Session Metrics {
    11100 nanoseconds spent acquiring 1 JDBC connections;
    0 nanoseconds spent releasing 0 JDBC connections;
    137600 nanoseconds spent preparing 4 JDBC statements;
    3906300 nanoseconds spent executing 4 JDBC statements;
    0 nanoseconds spent executing 0 JDBC batches;
    0 nanoseconds spent performing 0 L2C puts;
    0 nanoseconds spent performing 0 L2C hits;
    0 nanoseconds spent performing 0 L2C misses;
    1370100 nanoseconds spent executing 1 flushes (flushing a total of 3 entities and 3 collections);
    0 nanoseconds spent executing 0 partial-flushes (flushing a total of 0 entities and 0 collections)
}
2024-02-13 12:50:38,390 INFO org.hibernate.engine.internal.StatisticalLoggingSessionEventListener [scheduling-1] Session Metrics {
    8100 nanoseconds spent acquiring 1 JDBC connections;
    0 nanoseconds spent releasing 0 JDBC connections;
    92800 nanoseconds spent preparing 4 JDBC statements;
    4541000 nanoseconds spent executing 4 JDBC statements;
    0 nanoseconds spent executing 0 JDBC batches;
    0 nanoseconds spent performing 0 L2C puts;
    0 nanoseconds spent performing 0 L2C hits;
    0 nanoseconds spent performing 0 L2C misses;
    1240000 nanoseconds spent executing 1 flushes (flushing a total of 3 entities and 3 collections);
    0 nanoseconds spent executing 0 partial-flushes (flushing a total of 0 entities and 0 collections)
}
2024-02-13 12:50:38,711 INFO org.hibernate.engine.internal.StatisticalLoggingSessionEventListener [scheduling-1] Session Metrics {
    8400 nanoseconds spent acquiring 1 JDBC connections;
    0 nanoseconds spent releasing 0 JDBC connections;
    300300 nanoseconds spent preparing 4 JDBC statements;
    2777400 nanoseconds spent executing 4 JDBC statements;
    0 nanoseconds spent executing 0 JDBC batches;
    0 nanoseconds spent performing 0 L2C puts;
    0 nanoseconds spent performing 0 L2C hits;
    0 nanoseconds spent performing 0 L2C misses;
    684600 nanoseconds spent executing 1 flushes (flushing a total of 3 entities and 3 collections);
    0 nanoseconds spent executing 0 partial-flushes (flushing a total of 0 entities and 0 collections)
}
2024-02-13 12:50:39,001 INFO org.hibernate.engine.internal.StatisticalLoggingSessionEventListener [scheduling-1] Session Metrics {
    11200 nanoseconds spent acquiring 1 JDBC connections;
    0 nanoseconds spent releasing 0 JDBC connections;
    227800 nanoseconds spent preparing 6 JDBC statements;
    4262900 nanoseconds spent executing 6 JDBC statements;
    0 nanoseconds spent executing 0 JDBC batches;
    0 nanoseconds spent performing 0 L2C puts;
    0 nanoseconds spent performing 0 L2C hits;
    0 nanoseconds spent performing 0 L2C misses;
    2554200 nanoseconds spent executing 1 flushes (flushing a total of 3 entities and 3 collections);
    0 nanoseconds spent executing 0 partial-flushes (flushing a total of 0 entities and 0 collections)
}
2024-02-13 12:50:39,351 INFO org.hibernate.engine.internal.StatisticalLoggingSessionEventListener [scheduling-1] Session Metrics {
    8900 nanoseconds spent acquiring 1 JDBC connections;
    0 nanoseconds spent releasing 0 JDBC connections;
    167900 nanoseconds spent preparing 6 JDBC statements;
    5760100 nanoseconds spent executing 6 JDBC statements;
    0 nanoseconds spent executing 0 JDBC batches;
    0 nanoseconds spent performing 0 L2C puts;
    0 nanoseconds spent performing 0 L2C hits;
    0 nanoseconds spent performing 0 L2C misses;
    3381100 nanoseconds spent executing 1 flushes (flushing a total of 3 entities and 3 collections);
    0 nanoseconds spent executing 0 partial-flushes (flushing a total of 0 entities and 0 collections)
}
2024-02-13 12:50:39,663 INFO org.hibernate.engine.internal.StatisticalLoggingSessionEventListener [scheduling-1] Session Metrics {
    9600 nanoseconds spent acquiring 1 JDBC connections;
    0 nanoseconds spent releasing 0 JDBC connections;
    212600 nanoseconds spent preparing 6 JDBC statements;
    6484700 nanoseconds spent executing 6 JDBC statements;
    0 nanoseconds spent executing 0 JDBC batches;
    0 nanoseconds spent performing 0 L2C puts;
    0 nanoseconds spent performing 0 L2C hits;
    0 nanoseconds spent performing 0 L2C misses;
    3176300 nanoseconds spent executing 1 flushes (flushing a total of 3 entities and 3 collections);
    0 nanoseconds spent executing 0 partial-flushes (flushing a total of 0 entities and 0 collections)
}
2024-02-13 12:50:39,937 INFO org.hibernate.engine.internal.StatisticalLoggingSessionEventListener [scheduling-1] Session Metrics {
    11100 nanoseconds spent acquiring 1 JDBC connections;
    0 nanoseconds spent releasing 0 JDBC connections;
    79600 nanoseconds spent preparing 2 JDBC statements;
    1309000 nanoseconds spent executing 2 JDBC statements;
    0 nanoseconds spent executing 0 JDBC batches;
    0 nanoseconds spent performing 0 L2C puts;
    0 nanoseconds spent performing 0 L2C hits;
    0 nanoseconds spent performing 0 L2C misses;
    162800 nanoseconds spent executing 1 flushes (flushing a total of 2 entities and 2 collections);
    0 nanoseconds spent executing 0 partial-flushes (flushing a total of 0 entities and 0 collections)
}
2024-02-13 12:50:40,248 INFO org.hibernate.engine.internal.StatisticalLoggingSessionEventListener [scheduling-1] Session Metrics {
    8700 nanoseconds spent acquiring 1 JDBC connections;
    0 nanoseconds spent releasing 0 JDBC connections;
    47500 nanoseconds spent preparing 2 JDBC statements;
    1204400 nanoseconds spent executing 2 JDBC statements;
    0 nanoseconds spent executing 0 JDBC batches;
    0 nanoseconds spent performing 0 L2C puts;
    0 nanoseconds spent performing 0 L2C hits;
    0 nanoseconds spent performing 0 L2C misses;
    162700 nanoseconds spent executing 1 flushes (flushing a total of 2 entities and 2 collections);
    0 nanoseconds spent executing 0 partial-flushes (flushing a total of 0 entities and 0 collections)
}
2024-02-13 12:50:40,571 INFO org.hibernate.engine.internal.StatisticalLoggingSessionEventListener [scheduling-1] Session Metrics {
    9700 nanoseconds spent acquiring 1 JDBC connections;
    0 nanoseconds spent releasing 0 JDBC connections;
    125000 nanoseconds spent preparing 4 JDBC statements;
    4680800 nanoseconds spent executing 4 JDBC statements;
    0 nanoseconds spent executing 0 JDBC batches;
    0 nanoseconds spent performing 0 L2C puts;
    0 nanoseconds spent performing 0 L2C hits;
    0 nanoseconds spent performing 0 L2C misses;
    1099500 nanoseconds spent executing 1 flushes (flushing a total of 3 entities and 3 collections);
    0 nanoseconds spent executing 0 partial-flushes (flushing a total of 0 entities and 0 collections)
}
2024-02-13 12:50:40,889 INFO org.hibernate.engine.internal.StatisticalLoggingSessionEventListener [scheduling-1] Session Metrics {
    13900 nanoseconds spent acquiring 1 JDBC connections;
    0 nanoseconds spent releasing 0 JDBC connections;
    84700 nanoseconds spent preparing 2 JDBC statements;
    2798900 nanoseconds spent executing 2 JDBC statements;
    0 nanoseconds spent executing 0 JDBC batches;
    0 nanoseconds spent performing 0 L2C puts;
    0 nanoseconds spent performing 0 L2C hits;
    0 nanoseconds spent performing 0 L2C misses;
    468500 nanoseconds spent executing 1 flushes (flushing a total of 2 entities and 2 collections);
    0 nanoseconds spent executing 0 partial-flushes (flushing a total of 0 entities and 0 collections)
}
2024-02-13 12:50:41,205 INFO org.hibernate.engine.internal.StatisticalLoggingSessionEventListener [scheduling-1] Session Metrics {
    16200 nanoseconds spent acquiring 1 JDBC connections;
    0 nanoseconds spent releasing 0 JDBC connections;
    48200 nanoseconds spent preparing 2 JDBC statements;
    1322000 nanoseconds spent executing 2 JDBC statements;
    0 nanoseconds spent executing 0 JDBC batches;
    0 nanoseconds spent performing 0 L2C puts;
    0 nanoseconds spent performing 0 L2C hits;
    0 nanoseconds spent performing 0 L2C misses;
    171000 nanoseconds spent executing 1 flushes (flushing a total of 2 entities and 2 collections);
    0 nanoseconds spent executing 0 partial-flushes (flushing a total of 0 entities and 0 collections)
}
2024-02-13 12:50:41,481 INFO org.hibernate.engine.internal.StatisticalLoggingSessionEventListener [scheduling-1] Session Metrics {
    13800 nanoseconds spent acquiring 1 JDBC connections;
    0 nanoseconds spent releasing 0 JDBC connections;
    68700 nanoseconds spent preparing 2 JDBC statements;
    1721700 nanoseconds spent executing 2 JDBC statements;
    0 nanoseconds spent executing 0 JDBC batches;
    0 nanoseconds spent performing 0 L2C puts;
    0 nanoseconds spent performing 0 L2C hits;
    0 nanoseconds spent performing 0 L2C misses;
    261900 nanoseconds spent executing 1 flushes (flushing a total of 2 entities and 2 collections);
    0 nanoseconds spent executing 0 partial-flushes (flushing a total of 0 entities and 0 collections)
}
2024-02-13 12:50:41,779 INFO org.hibernate.engine.internal.StatisticalLoggingSessionEventListener [scheduling-1] Session Metrics {
    11200 nanoseconds spent acquiring 1 JDBC connections;
    0 nanoseconds spent releasing 0 JDBC connections;
    51300 nanoseconds spent preparing 2 JDBC statements;
    1199200 nanoseconds spent executing 2 JDBC statements;
    0 nanoseconds spent executing 0 JDBC batches;
    0 nanoseconds spent performing 0 L2C puts;
    0 nanoseconds spent performing 0 L2C hits;
    0 nanoseconds spent performing 0 L2C misses;
    232200 nanoseconds spent executing 1 flushes (flushing a total of 2 entities and 2 collections);
    0 nanoseconds spent executing 0 partial-flushes (flushing a total of 0 entities and 0 collections)
}
2024-02-13 12:50:42,084 INFO org.hibernate.engine.internal.StatisticalLoggingSessionEventListener [scheduling-1] Session Metrics {
    11600 nanoseconds spent acquiring 1 JDBC connections;
    0 nanoseconds spent releasing 0 JDBC connections;
    64600 nanoseconds spent preparing 2 JDBC statements;
    1407900 nanoseconds spent executing 2 JDBC statements;
    0 nanoseconds spent executing 0 JDBC batches;
    0 nanoseconds spent performing 0 L2C puts;
    0 nanoseconds spent performing 0 L2C hits;
    0 nanoseconds spent performing 0 L2C misses;
    144100 nanoseconds spent executing 1 flushes (flushing a total of 2 entities and 2 collections);
    0 nanoseconds spent executing 0 partial-flushes (flushing a total of 0 entities and 0 collections)
}
2024-02-13 12:50:42,443 INFO org.hibernate.engine.internal.StatisticalLoggingSessionEventListener [scheduling-1] Session Metrics {
    10600 nanoseconds spent acquiring 1 JDBC connections;
    0 nanoseconds spent releasing 0 JDBC connections;
    221800 nanoseconds spent preparing 11 JDBC statements;
    8150800 nanoseconds spent executing 11 JDBC statements;
    0 nanoseconds spent executing 0 JDBC batches;
    0 nanoseconds spent performing 0 L2C puts;
    0 nanoseconds spent performing 0 L2C hits;
    0 nanoseconds spent performing 0 L2C misses;
    3244900 nanoseconds spent executing 1 flushes (flushing a total of 7 entities and 5 collections);
    0 nanoseconds spent executing 0 partial-flushes (flushing a total of 0 entities and 0 collections)
}
2024-02-13 12:50:42,834 INFO org.hibernate.engine.internal.StatisticalLoggingSessionEventListener [scheduling-1] Session Metrics {
    9100 nanoseconds spent acquiring 1 JDBC connections;
    0 nanoseconds spent releasing 0 JDBC connections;
    156100 nanoseconds spent preparing 8 JDBC statements;
    18531200 nanoseconds spent executing 8 JDBC statements;
    0 nanoseconds spent executing 0 JDBC batches;
    0 nanoseconds spent performing 0 L2C puts;
    0 nanoseconds spent performing 0 L2C hits;
    0 nanoseconds spent performing 0 L2C misses;
    13534400 nanoseconds spent executing 1 flushes (flushing a total of 5 entities and 5 collections);
    0 nanoseconds spent executing 0 partial-flushes (flushing a total of 0 entities and 0 collections)
}
2024-02-13 12:50:43,226 INFO org.hibernate.engine.internal.StatisticalLoggingSessionEventListener [scheduling-1] Session Metrics {
    9300 nanoseconds spent acquiring 1 JDBC connections;
    0 nanoseconds spent releasing 0 JDBC connections;
    175200 nanoseconds spent preparing 14 JDBC statements;
    6201400 nanoseconds spent executing 14 JDBC statements;
    0 nanoseconds spent executing 0 JDBC batches;
    0 nanoseconds spent performing 0 L2C puts;
    0 nanoseconds spent performing 0 L2C hits;
    0 nanoseconds spent performing 0 L2C misses;
    4733700 nanoseconds spent executing 1 flushes (flushing a total of 4 entities and 4 collections);
    0 nanoseconds spent executing 0 partial-flushes (flushing a total of 0 entities and 0 collections)
}
2024-02-13 12:50:43,616 INFO org.hibernate.engine.internal.StatisticalLoggingSessionEventListener [scheduling-1] Session Metrics {
    8100 nanoseconds spent acquiring 1 JDBC connections;
    0 nanoseconds spent releasing 0 JDBC connections;
    291300 nanoseconds spent preparing 14 JDBC statements;
    15036500 nanoseconds spent executing 14 JDBC statements;
    0 nanoseconds spent executing 0 JDBC batches;
    0 nanoseconds spent performing 0 L2C puts;
    0 nanoseconds spent performing 0 L2C hits;
    0 nanoseconds spent performing 0 L2C misses;
    7595400 nanoseconds spent executing 1 flushes (flushing a total of 4 entities and 4 collections);
    0 nanoseconds spent executing 0 partial-flushes (flushing a total of 0 entities and 0 collections)
}
2024-02-13 12:50:43,945 INFO org.hibernate.engine.internal.StatisticalLoggingSessionEventListener [scheduling-1] Session Metrics {
    12300 nanoseconds spent acquiring 1 JDBC connections;
    0 nanoseconds spent releasing 0 JDBC connections;
    133100 nanoseconds spent preparing 6 JDBC statements;
    7418400 nanoseconds spent executing 6 JDBC statements;
    0 nanoseconds spent executing 0 JDBC batches;
    0 nanoseconds spent performing 0 L2C puts;
    0 nanoseconds spent performing 0 L2C hits;
    0 nanoseconds spent performing 0 L2C misses;
    1599700 nanoseconds spent executing 1 flushes (flushing a total of 4 entities and 4 collections);
    0 nanoseconds spent executing 0 partial-flushes (flushing a total of 0 entities and 0 collections)
}
2024-02-13 12:50:44,294 INFO org.hibernate.engine.internal.StatisticalLoggingSessionEventListener [scheduling-1] Session Metrics {
    9100 nanoseconds spent acquiring 1 JDBC connections;
    0 nanoseconds spent releasing 0 JDBC connections;
    214200 nanoseconds spent preparing 14 JDBC statements;
    7665600 nanoseconds spent executing 14 JDBC statements;
    0 nanoseconds spent executing 0 JDBC batches;
    0 nanoseconds spent performing 0 L2C puts;
    0 nanoseconds spent performing 0 L2C hits;
    0 nanoseconds spent performing 0 L2C misses;
    5487700 nanoseconds spent executing 1 flushes (flushing a total of 4 entities and 4 collections);
    0 nanoseconds spent executing 0 partial-flushes (flushing a total of 0 entities and 0 collections)
}
2024-02-13 12:50:44,599 INFO org.hibernate.engine.internal.StatisticalLoggingSessionEventListener [scheduling-1] Session Metrics {
    12600 nanoseconds spent acquiring 1 JDBC connections;
    0 nanoseconds spent releasing 0 JDBC connections;
    66600 nanoseconds spent preparing 2 JDBC statements;
    2997700 nanoseconds spent executing 2 JDBC statements;
    0 nanoseconds spent executing 0 JDBC batches;
    0 nanoseconds spent performing 0 L2C puts;
    0 nanoseconds spent performing 0 L2C hits;
    0 nanoseconds spent performing 0 L2C misses;
    162900 nanoseconds spent executing 1 flushes (flushing a total of 2 entities and 2 collections);
    0 nanoseconds spent executing 0 partial-flushes (flushing a total of 0 entities and 0 collections)
}
2024-02-13 12:50:44,908 INFO org.hibernate.engine.internal.StatisticalLoggingSessionEventListener [scheduling-1] Session Metrics {
    8600 nanoseconds spent acquiring 1 JDBC connections;
    0 nanoseconds spent releasing 0 JDBC connections;
    73400 nanoseconds spent preparing 2 JDBC statements;
    4499100 nanoseconds spent executing 2 JDBC statements;
    0 nanoseconds spent executing 0 JDBC batches;
    0 nanoseconds spent performing 0 L2C puts;
    0 nanoseconds spent performing 0 L2C hits;
    0 nanoseconds spent performing 0 L2C misses;
    259000 nanoseconds spent executing 1 flushes (flushing a total of 2 entities and 2 collections);
    0 nanoseconds spent executing 0 partial-flushes (flushing a total of 0 entities and 0 collections)
}
2024-02-13 12:50:45,274 INFO org.hibernate.engine.internal.StatisticalLoggingSessionEventListener [scheduling-1] Session Metrics {
    12200 nanoseconds spent acquiring 1 JDBC connections;
    0 nanoseconds spent releasing 0 JDBC connections;
    48300 nanoseconds spent preparing 2 JDBC statements;
    3298500 nanoseconds spent executing 2 JDBC statements;
    0 nanoseconds spent executing 0 JDBC batches;
    0 nanoseconds spent performing 0 L2C puts;
    0 nanoseconds spent performing 0 L2C hits;
    0 nanoseconds spent performing 0 L2C misses;
    225100 nanoseconds spent executing 1 flushes (flushing a total of 2 entities and 2 collections);
    0 nanoseconds spent executing 0 partial-flushes (flushing a total of 0 entities and 0 collections)
}
2024-02-13 12:50:45,587 INFO org.hibernate.engine.internal.StatisticalLoggingSessionEventListener [scheduling-1] Session Metrics {
    17600 nanoseconds spent acquiring 1 JDBC connections;
    0 nanoseconds spent releasing 0 JDBC connections;
    46400 nanoseconds spent preparing 2 JDBC statements;
    1346200 nanoseconds spent executing 2 JDBC statements;
    0 nanoseconds spent executing 0 JDBC batches;
    0 nanoseconds spent performing 0 L2C puts;
    0 nanoseconds spent performing 0 L2C hits;
    0 nanoseconds spent performing 0 L2C misses;
    165200 nanoseconds spent executing 1 flushes (flushing a total of 2 entities and 2 collections);
    0 nanoseconds spent executing 0 partial-flushes (flushing a total of 0 entities and 0 collections)
}
2024-02-13 12:50:45,978 INFO org.hibernate.engine.internal.StatisticalLoggingSessionEventListener [scheduling-1] Session Metrics {
    11300 nanoseconds spent acquiring 1 JDBC connections;
    0 nanoseconds spent releasing 0 JDBC connections;
    145400 nanoseconds spent preparing 9 JDBC statements;
    6664500 nanoseconds spent executing 9 JDBC statements;
    0 nanoseconds spent executing 0 JDBC batches;
    0 nanoseconds spent performing 0 L2C puts;
    0 nanoseconds spent performing 0 L2C hits;
    0 nanoseconds spent performing 0 L2C misses;
    5057800 nanoseconds spent executing 1 flushes (flushing a total of 3 entities and 3 collections);
    0 nanoseconds spent executing 0 partial-flushes (flushing a total of 0 entities and 0 collections)
}
2024-02-13 12:50:46,392 INFO org.hibernate.engine.internal.StatisticalLoggingSessionEventListener [scheduling-1] Session Metrics {
    9300 nanoseconds spent acquiring 1 JDBC connections;
    0 nanoseconds spent releasing 0 JDBC connections;
    204900 nanoseconds spent preparing 15 JDBC statements;
    9870000 nanoseconds spent executing 15 JDBC statements;
    0 nanoseconds spent executing 0 JDBC batches;
    0 nanoseconds spent performing 0 L2C puts;
    0 nanoseconds spent performing 0 L2C hits;
    0 nanoseconds spent performing 0 L2C misses;
    5333000 nanoseconds spent executing 1 flushes (flushing a total of 7 entities and 5 collections);
    0 nanoseconds spent executing 0 partial-flushes (flushing a total of 0 entities and 0 collections)
}
2024-02-13 12:50:46,820 INFO org.hibernate.engine.internal.StatisticalLoggingSessionEventListener [scheduling-1] Session Metrics {
    10700 nanoseconds spent acquiring 1 JDBC connections;
    0 nanoseconds spent releasing 0 JDBC connections;
    207600 nanoseconds spent preparing 15 JDBC statements;
    10309600 nanoseconds spent executing 15 JDBC statements;
    0 nanoseconds spent executing 0 JDBC batches;
    0 nanoseconds spent performing 0 L2C puts;
    0 nanoseconds spent performing 0 L2C hits;
    0 nanoseconds spent performing 0 L2C misses;
    5720100 nanoseconds spent executing 1 flushes (flushing a total of 7 entities and 5 collections);
    0 nanoseconds spent executing 0 partial-flushes (flushing a total of 0 entities and 0 collections)
}
2024-02-13 12:50:47,216 INFO org.hibernate.engine.internal.StatisticalLoggingSessionEventListener [scheduling-1] Session Metrics {
    9100 nanoseconds spent acquiring 1 JDBC connections;
    0 nanoseconds spent releasing 0 JDBC connections;
    90200 nanoseconds spent preparing 8 JDBC statements;
    3852200 nanoseconds spent executing 8 JDBC statements;
    0 nanoseconds spent executing 0 JDBC batches;
    0 nanoseconds spent performing 0 L2C puts;
    0 nanoseconds spent performing 0 L2C hits;
    0 nanoseconds spent performing 0 L2C misses;
    2583800 nanoseconds spent executing 1 flushes (flushing a total of 3 entities and 3 collections);
    0 nanoseconds spent executing 0 partial-flushes (flushing a total of 0 entities and 0 collections)
}
2024-02-13 12:50:47,695 INFO org.hibernate.engine.internal.StatisticalLoggingSessionEventListener [scheduling-1] Session Metrics {
    8200 nanoseconds spent acquiring 1 JDBC connections;
    0 nanoseconds spent releasing 0 JDBC connections;
    40300 nanoseconds spent preparing 2 JDBC statements;
    1906100 nanoseconds spent executing 2 JDBC statements;
    0 nanoseconds spent executing 0 JDBC batches;
    0 nanoseconds spent performing 0 L2C puts;
    0 nanoseconds spent performing 0 L2C hits;
    0 nanoseconds spent performing 0 L2C misses;
    241200 nanoseconds spent executing 1 flushes (flushing a total of 2 entities and 2 collections);
    0 nanoseconds spent executing 0 partial-flushes (flushing a total of 0 entities and 0 collections)
}
2024-02-13 12:50:48,187 INFO org.hibernate.engine.internal.StatisticalLoggingSessionEventListener [scheduling-1] Session Metrics {
    11600 nanoseconds spent acquiring 1 JDBC connections;
    0 nanoseconds spent releasing 0 JDBC connections;
    39600 nanoseconds spent preparing 2 JDBC statements;
    5505300 nanoseconds spent executing 2 JDBC statements;
    0 nanoseconds spent executing 0 JDBC batches;
    0 nanoseconds spent performing 0 L2C puts;
    0 nanoseconds spent performing 0 L2C hits;
    0 nanoseconds spent performing 0 L2C misses;
    174900 nanoseconds spent executing 1 flushes (flushing a total of 2 entities and 2 collections);
    0 nanoseconds spent executing 0 partial-flushes (flushing a total of 0 entities and 0 collections)
}
2024-02-13 12:50:48,628 INFO org.hibernate.engine.internal.StatisticalLoggingSessionEventListener [scheduling-1] Session Metrics {
    10000 nanoseconds spent acquiring 1 JDBC connections;
    0 nanoseconds spent releasing 0 JDBC connections;
    50500 nanoseconds spent preparing 2 JDBC statements;
    1394800 nanoseconds spent executing 2 JDBC statements;
    0 nanoseconds spent executing 0 JDBC batches;
    0 nanoseconds spent performing 0 L2C puts;
    0 nanoseconds spent performing 0 L2C hits;
    0 nanoseconds spent performing 0 L2C misses;
    331000 nanoseconds spent executing 1 flushes (flushing a total of 2 entities and 2 collections);
    0 nanoseconds spent executing 0 partial-flushes (flushing a total of 0 entities and 0 collections)
}
2024-02-13 12:50:48,969 INFO org.hibernate.engine.internal.StatisticalLoggingSessionEventListener [scheduling-1] Session Metrics {
    10300 nanoseconds spent acquiring 1 JDBC connections;
    0 nanoseconds spent releasing 0 JDBC connections;
    42800 nanoseconds spent preparing 2 JDBC statements;
    1305000 nanoseconds spent executing 2 JDBC statements;
    0 nanoseconds spent executing 0 JDBC batches;
    0 nanoseconds spent performing 0 L2C puts;
    0 nanoseconds spent performing 0 L2C hits;
    0 nanoseconds spent performing 0 L2C misses;
    151600 nanoseconds spent executing 1 flushes (flushing a total of 2 entities and 2 collections);
    0 nanoseconds spent executing 0 partial-flushes (flushing a total of 0 entities and 0 collections)
}
2024-02-13 12:50:49,347 INFO org.hibernate.engine.internal.StatisticalLoggingSessionEventListener [scheduling-1] Session Metrics {
    11500 nanoseconds spent acquiring 1 JDBC connections;
    0 nanoseconds spent releasing 0 JDBC connections;
    65800 nanoseconds spent preparing 2 JDBC statements;
    1441100 nanoseconds spent executing 2 JDBC statements;
    0 nanoseconds spent executing 0 JDBC batches;
    0 nanoseconds spent performing 0 L2C puts;
    0 nanoseconds spent performing 0 L2C hits;
    0 nanoseconds spent performing 0 L2C misses;
    229000 nanoseconds spent executing 1 flushes (flushing a total of 2 entities and 2 collections);
    0 nanoseconds spent executing 0 partial-flushes (flushing a total of 0 entities and 0 collections)
}
2024-02-13 12:50:49,902 INFO org.hibernate.engine.internal.StatisticalLoggingSessionEventListener [scheduling-1] Session Metrics {
    17100 nanoseconds spent acquiring 1 JDBC connections;
    0 nanoseconds spent releasing 0 JDBC connections;
    165100 nanoseconds spent preparing 23 JDBC statements;
    13243300 nanoseconds spent executing 23 JDBC statements;
    0 nanoseconds spent executing 0 JDBC batches;
    0 nanoseconds spent performing 0 L2C puts;
    0 nanoseconds spent performing 0 L2C hits;
    0 nanoseconds spent performing 0 L2C misses;
    6674800 nanoseconds spent executing 1 flushes (flushing a total of 8 entities and 6 collections);
    0 nanoseconds spent executing 0 partial-flushes (flushing a total of 0 entities and 0 collections)
}
2024-02-13 12:50:50,212 INFO org.hibernate.engine.internal.StatisticalLoggingSessionEventListener [scheduling-1] Session Metrics {
    9300 nanoseconds spent acquiring 1 JDBC connections;
    0 nanoseconds spent releasing 0 JDBC connections;
    41700 nanoseconds spent preparing 2 JDBC statements;
    1361700 nanoseconds spent executing 2 JDBC statements;
    0 nanoseconds spent executing 0 JDBC batches;
    0 nanoseconds spent performing 0 L2C puts;
    0 nanoseconds spent performing 0 L2C hits;
    0 nanoseconds spent performing 0 L2C misses;
    147800 nanoseconds spent executing 1 flushes (flushing a total of 2 entities and 2 collections);
    0 nanoseconds spent executing 0 partial-flushes (flushing a total of 0 entities and 0 collections)
}
2024-02-13 12:50:50,523 INFO org.hibernate.engine.internal.StatisticalLoggingSessionEventListener [scheduling-1] Session Metrics {
    12500 nanoseconds spent acquiring 1 JDBC connections;
    0 nanoseconds spent releasing 0 JDBC connections;
    46000 nanoseconds spent preparing 2 JDBC statements;
    895800 nanoseconds spent executing 2 JDBC statements;
    0 nanoseconds spent executing 0 JDBC batches;
    0 nanoseconds spent performing 0 L2C puts;
    0 nanoseconds spent performing 0 L2C hits;
    0 nanoseconds spent performing 0 L2C misses;
    163300 nanoseconds spent executing 1 flushes (flushing a total of 2 entities and 2 collections);
    0 nanoseconds spent executing 0 partial-flushes (flushing a total of 0 entities and 0 collections)
}
2024-02-13 12:50:50,871 INFO org.hibernate.engine.internal.StatisticalLoggingSessionEventListener [scheduling-1] Session Metrics {
    7900 nanoseconds spent acquiring 1 JDBC connections;
    0 nanoseconds spent releasing 0 JDBC connections;
    36200 nanoseconds spent preparing 2 JDBC statements;
    997300 nanoseconds spent executing 2 JDBC statements;
    0 nanoseconds spent executing 0 JDBC batches;
    0 nanoseconds spent performing 0 L2C puts;
    0 nanoseconds spent performing 0 L2C hits;
    0 nanoseconds spent performing 0 L2C misses;
    158000 nanoseconds spent executing 1 flushes (flushing a total of 2 entities and 2 collections);
    0 nanoseconds spent executing 0 partial-flushes (flushing a total of 0 entities and 0 collections)
}
2024-02-13 12:50:50,873 INFO org.springframework.orm.jpa.LocalContainerEntityManagerFactoryBean [SpringApplicationShutdownHook] Closing JPA EntityManagerFactory for persistence unit 'default'
2024-02-13 12:50:50,875 INFO com.zaxxer.hikari.HikariDataSource [SpringApplicationShutdownHook] HikariPool-1 - Shutdown initiated...
2024-02-13 12:50:50,876 INFO com.zaxxer.hikari.HikariDataSource [SpringApplicationShutdownHook] HikariPool-1 - Shutdown completed.
