2024-05-01 11:05:58,804 INFO tech.noetzold.healthcheckgate.HealthcheckGateApplication [main] Starting HealthcheckGateApplication using Java 17.0.7 with PID 28440 (C:\Users\Usuário\Documents\Projetos\GitHub\healthcheck_API\healthcheck-gate\target\classes started by Darlan in C:\Users\Usuário\Documents\Projetos\GitHub\healthcheck_API\healthcheck-gate)
2024-05-01 11:05:58,811 INFO tech.noetzold.healthcheckgate.HealthcheckGateApplication [main] No active profile set, falling back to 1 default profile: "default"
2024-05-01 11:06:00,006 INFO org.springframework.data.repository.config.RepositoryConfigurationDelegate [main] Multiple Spring Data modules found, entering strict repository configuration mode
2024-05-01 11:06:00,007 INFO org.springframework.data.repository.config.RepositoryConfigurationDelegate [main] Bootstrapping Spring Data JPA repositories in DEFAULT mode.
2024-05-01 11:06:00,151 INFO org.springframework.data.repository.config.RepositoryConfigurationDelegate [main] Finished Spring Data repository scanning in 137 ms. Found 5 JPA repository interfaces.
2024-05-01 11:06:00,164 INFO org.springframework.data.repository.config.RepositoryConfigurationDelegate [main] Multiple Spring Data modules found, entering strict repository configuration mode
2024-05-01 11:06:00,166 INFO org.springframework.data.repository.config.RepositoryConfigurationDelegate [main] Bootstrapping Spring Data Redis repositories in DEFAULT mode.
2024-05-01 11:06:00,180 INFO org.springframework.data.repository.config.RepositoryConfigurationExtensionSupport [main] Spring Data Redis - Could not safely identify store assignment for repository candidate interface tech.noetzold.healthcheckgate.repository.MetricRepository; If you want this repository to be a Redis repository, consider annotating your entities with one of these annotations: org.springframework.data.redis.core.RedisHash (preferred), or consider extending one of the following types with your repository: org.springframework.data.keyvalue.repository.KeyValueRepository
2024-05-01 11:06:00,182 INFO org.springframework.data.repository.config.RepositoryConfigurationExtensionSupport [main] Spring Data Redis - Could not safely identify store assignment for repository candidate interface tech.noetzold.healthcheckgate.repository.ModelAccuracyRepository; If you want this repository to be a Redis repository, consider annotating your entities with one of these annotations: org.springframework.data.redis.core.RedisHash (preferred), or consider extending one of the following types with your repository: org.springframework.data.keyvalue.repository.KeyValueRepository
2024-05-01 11:06:00,182 INFO org.springframework.data.repository.config.RepositoryConfigurationExtensionSupport [main] Spring Data Redis - Could not safely identify store assignment for repository candidate interface tech.noetzold.healthcheckgate.repository.RecordRepository; If you want this repository to be a Redis repository, consider annotating your entities with one of these annotations: org.springframework.data.redis.core.RedisHash (preferred), or consider extending one of the following types with your repository: org.springframework.data.keyvalue.repository.KeyValueRepository
2024-05-01 11:06:00,183 INFO org.springframework.data.repository.config.RepositoryConfigurationExtensionSupport [main] Spring Data Redis - Could not safely identify store assignment for repository candidate interface tech.noetzold.healthcheckgate.security.repository.TokenRepository; If you want this repository to be a Redis repository, consider annotating your entities with one of these annotations: org.springframework.data.redis.core.RedisHash (preferred), or consider extending one of the following types with your repository: org.springframework.data.keyvalue.repository.KeyValueRepository
2024-05-01 11:06:00,183 INFO org.springframework.data.repository.config.RepositoryConfigurationExtensionSupport [main] Spring Data Redis - Could not safely identify store assignment for repository candidate interface tech.noetzold.healthcheckgate.security.repository.UserRepository; If you want this repository to be a Redis repository, consider annotating your entities with one of these annotations: org.springframework.data.redis.core.RedisHash (preferred), or consider extending one of the following types with your repository: org.springframework.data.keyvalue.repository.KeyValueRepository
2024-05-01 11:06:00,183 INFO org.springframework.data.repository.config.RepositoryConfigurationDelegate [main] Finished Spring Data repository scanning in 8 ms. Found 0 Redis repository interfaces.
2024-05-01 11:06:00,414 INFO org.springframework.cloud.context.scope.GenericScope [main] BeanFactory id=9d845243-6a4d-3675-83e6-272d1c40667b
2024-05-01 11:06:00,895 INFO org.springframework.boot.web.embedded.tomcat.TomcatWebServer [main] Tomcat initialized with port 8199 (http)
2024-05-01 11:06:00,904 INFO org.apache.coyote.http11.Http11NioProtocol [main] Initializing ProtocolHandler ["http-nio-8199"]
2024-05-01 11:06:00,906 INFO org.apache.catalina.core.StandardService [main] Starting service [Tomcat]
2024-05-01 11:06:00,907 INFO org.apache.catalina.core.StandardEngine [main] Starting Servlet engine: [Apache Tomcat/10.1.18]
2024-05-01 11:06:00,979 INFO org.apache.catalina.core.ContainerBase.[Tomcat].[localhost].[/] [main] Initializing Spring embedded WebApplicationContext
2024-05-01 11:06:00,980 INFO org.springframework.boot.web.servlet.context.ServletWebServerApplicationContext [main] Root WebApplicationContext: initialization completed in 2110 ms
2024-05-01 11:06:01,335 INFO org.hibernate.jpa.internal.util.LogHelper [main] HHH000204: Processing PersistenceUnitInfo [name: default]
2024-05-01 11:06:01,387 INFO org.hibernate.Version [main] HHH000412: Hibernate ORM core version 6.4.1.Final
2024-05-01 11:06:01,425 INFO org.hibernate.cache.internal.RegionFactoryInitiator [main] HHH000026: Second-level cache disabled
2024-05-01 11:06:01,626 INFO org.springframework.orm.jpa.persistenceunit.SpringPersistenceUnitInfo [main] No LoadTimeWeaver setup: ignoring JPA class transformer
2024-05-01 11:06:01,653 INFO com.zaxxer.hikari.HikariDataSource [main] HikariPool-1 - Starting...
2024-05-01 11:06:01,844 INFO com.zaxxer.hikari.pool.HikariPool [main] HikariPool-1 - Added connection org.postgresql.jdbc.PgConnection@404dc999
2024-05-01 11:06:01,846 INFO com.zaxxer.hikari.HikariDataSource [main] HikariPool-1 - Start completed.
2024-05-01 11:06:02,840 INFO org.hibernate.engine.transaction.jta.platform.internal.JtaPlatformInitiator [main] HHH000489: No JTA platform available (set 'hibernate.transaction.jta.platform' to enable JTA platform integration)
2024-05-01 11:06:02,938 INFO org.springframework.orm.jpa.LocalContainerEntityManagerFactoryBean [main] Initialized JPA EntityManagerFactory for persistence unit 'default'
2024-05-01 11:06:03,266 INFO org.springframework.data.jpa.repository.query.QueryEnhancerFactory [main] Hibernate is in classpath; If applicable, HQL parser will be used.
2024-05-01 11:06:03,840 WARN org.springframework.boot.autoconfigure.orm.jpa.JpaBaseConfiguration$JpaWebConfiguration [main] spring.jpa.open-in-view is enabled by default. Therefore, database queries may be performed during view rendering. Explicitly configure spring.jpa.open-in-view to disable this warning
2024-05-01 11:06:04,152 INFO org.springframework.amqp.rabbit.connection.CachingConnectionFactory [main] Attempting to connect to: [localhost:5672]
2024-05-01 11:06:04,211 INFO org.springframework.amqp.rabbit.connection.CachingConnectionFactory [main] Created new connection: rabbitConnectionFactory#6e530ccc:0/SimpleConnection@1e60d113 [delegate=amqp://guest@127.0.0.1:5672/, localPort=55340]
2024-05-01 11:06:05,284 INFO org.springframework.security.web.DefaultSecurityFilterChain [main] Will secure any request with [org.springframework.security.web.session.DisableEncodeUrlFilter@1d73ddb0, org.springframework.security.web.context.request.async.WebAsyncManagerIntegrationFilter@2e652f4e, org.springframework.security.web.context.SecurityContextHolderFilter@47cd2c21, org.springframework.security.web.header.HeaderWriterFilter@56e46791, org.springframework.web.filter.CorsFilter@7a543319, org.springframework.security.web.authentication.logout.LogoutFilter@4664b741, tech.noetzold.healthcheckgate.security.configuration.JwtAuthenticationFilter@23c2c96d, org.springframework.security.web.savedrequest.RequestCacheAwareFilter@4d548ae7, org.springframework.security.web.servletapi.SecurityContextHolderAwareRequestFilter@2624dd2c, org.springframework.security.web.authentication.AnonymousAuthenticationFilter@7d0e5fbb, org.springframework.security.web.session.SessionManagementFilter@aa7bda6, org.springframework.security.web.access.ExceptionTranslationFilter@56f2cdb5, org.springframework.security.web.access.intercept.AuthorizationFilter@62c6c467]
2024-05-01 11:06:06,773 INFO org.springframework.cloud.commons.util.InetUtils [main] Cannot determine local hostname
2024-05-01 11:06:06,830 INFO org.apache.coyote.http11.Http11NioProtocol [main] Starting ProtocolHandler ["http-nio-8199"]
2024-05-01 11:06:06,849 INFO org.springframework.boot.web.embedded.tomcat.TomcatWebServer [main] Tomcat started on port 8199 (http) with context path ''
2024-05-01 11:06:07,968 INFO org.springframework.cloud.commons.util.InetUtils [main] Cannot determine local hostname
2024-05-01 11:06:07,972 INFO org.springframework.amqp.rabbit.listener.DirectMessageListenerContainer [main] Container initialized for queues: [RECORD]
2024-05-01 11:06:07,981 INFO tech.noetzold.healthcheckgate.HealthcheckGateApplication [main] Started HealthcheckGateApplication in 10.616 seconds (process running for 11.213)
2024-05-01 11:06:07,982 INFO org.springframework.amqp.rabbit.listener.DirectMessageListenerContainer [org.springframework.amqp.rabbit.RabbitListenerEndpointContainer#0-1] SimpleConsumer [queue=RECORD, index=0, consumerTag=amq.ctag-iJcU_rmSWOXGLVAYic3QFg identity=7d5d2bbf] started
2024-05-01 11:07:54,081 INFO org.springframework.amqp.rabbit.listener.DirectMessageListenerContainer [org.springframework.amqp.rabbit.RabbitListenerEndpointContainer#0-2] Successfully waited for consumers to finish.
2024-05-01 11:07:54,102 INFO org.springframework.orm.jpa.LocalContainerEntityManagerFactoryBean [SpringApplicationShutdownHook] Closing JPA EntityManagerFactory for persistence unit 'default'
2024-05-01 11:07:54,103 INFO com.zaxxer.hikari.HikariDataSource [SpringApplicationShutdownHook] HikariPool-1 - Shutdown initiated...
2024-05-01 11:07:54,105 INFO com.zaxxer.hikari.HikariDataSource [SpringApplicationShutdownHook] HikariPool-1 - Shutdown completed.
